2026-02-24 19:49:35 | INFO | ============================================================
2026-02-24 19:49:35 | INFO | 🤖 БОТ ЗАПУЩЕН | 2026-02-24 16:49:35 UTC
2026-02-24 19:49:35 | INFO | ============================================================
2026-02-24 19:49:36 | INFO | ✅ Миграции применены успешно
2026-02-24 19:49:36 | INFO | ✅ База данных инициализирована: C:\Users\Fireboy\Desktop\my_bots\database\..\data\progress.db
2026-02-24 19:49:36 | INFO | ✅ PlayerStorage инициализирован: data\progress.db
2026-02-24 19:49:37 | INFO | deleteWebhook response: b'{"ok":true,"result":true,"description":"Webhook is already deleted"}'
2026-02-24 19:49:37 | INFO | 🤖 Бот запущен! База: SQLite 🗄️ | Очки: ScoreManager 💰 | Аватарки: кэш 🖼️ | Бэкап: готов 💾
2026-02-24 19:49:37 | INFO | 🛑 Для остановки нажмите Ctrl+C (корректное завершение)
2026-02-24 19:49:38 | INFO | 🎨 Запуск загрузки аватарок (в фоне)...
2026-02-24 19:49:38 | INFO | ✅ ScoreManager инициализирован
2026-02-24 19:49:38 | INFO | ✅ ScoreManager инициализирован
2026-02-24 19:49:38 | INFO | ✅ Бот готов к работе! Аватарки грузятся в фоне...

2026-02-24 19:49:57 | INFO | USER 5001966771 | START | name='Илья'
2026-02-24 19:53:09 | INFO | 🛑 Синхронный сигнал завершения (SIGINT/SIGTERM)
2026-02-24 19:53:09 | INFO | 
============================================================
2026-02-24 19:53:09 | INFO | 🛑 ПОЛУЧЕН СИГНАЛ ЗАВЕРШЕНИЯ
2026-02-24 19:53:09 | INFO | ============================================================
2026-02-24 19:53:09 | INFO | ✅ Соединение с БД закрыто
2026-02-24 19:53:09 | INFO | ✅ PlayerStorage закрыт
2026-02-24 19:53:09 | INFO | ✅ Состояние сохранено
2026-02-24 19:53:09 | INFO | 👋 До свидания! Бот остановлен корректно.
2026-02-24 19:53:09 | INFO | ============================================================
2026-02-24 19:53:19 | INFO | ============================================================
2026-02-24 19:53:19 | INFO | 🤖 БОТ ЗАПУЩЕН | 2026-02-24 16:53:19 UTC
2026-02-24 19:53:19 | INFO | ============================================================
2026-02-24 19:53:20 | INFO | ✅ Миграции применены успешно
2026-02-24 19:53:20 | INFO | ✅ База данных инициализирована: C:\Users\Fireboy\Desktop\my_bots\database\..\data\progress.db
2026-02-24 19:53:20 | INFO | ✅ PlayerStorage инициализирован: data\progress.db
2026-02-24 19:53:20 | INFO | deleteWebhook response: b'{"ok":true,"result":true,"description":"Webhook is already deleted"}'
2026-02-24 19:53:20 | INFO | 🤖 Бот запущен! База: SQLite 🗄️ | Очки: ScoreManager 💰 | Аватарки: кэш 🖼️ | Бэкап: готов 💾
2026-02-24 19:53:20 | INFO | 🛑 Для остановки нажмите Ctrl+C (корректное завершение)
2026-02-24 19:53:21 | INFO | 🎨 Запуск загрузки аватарок (в фоне)...
2026-02-24 19:53:21 | INFO | ✅ ScoreManager инициализирован
2026-02-24 19:53:21 | INFO | ✅ ScoreManager инициализирован
2026-02-24 19:53:21 | INFO | ✅ Бот готов к работе! Аватарки грузятся в фоне...

2026-02-24 19:55:18 | INFO | 🛑 Синхронный сигнал завершения (SIGINT/SIGTERM)
2026-02-24 19:55:18 | INFO | 
============================================================
2026-02-24 19:55:18 | INFO | 🛑 ПОЛУЧЕН СИГНАЛ ЗАВЕРШЕНИЯ
2026-02-24 19:55:18 | INFO | ============================================================
2026-02-24 19:55:18 | INFO | ✅ Соединение с БД закрыто
2026-02-24 19:55:18 | INFO | ✅ PlayerStorage закрыт
2026-02-24 19:55:18 | INFO | ✅ Состояние сохранено
2026-02-24 19:55:18 | INFO | 👋 До свидания! Бот остановлен корректно.
2026-02-24 19:55:18 | INFO | ============================================================
2026-02-24 19:55:27 | INFO | ============================================================
2026-02-24 19:55:27 | INFO | 🤖 БОТ ЗАПУЩЕН | 2026-02-24 16:55:27 UTC
2026-02-24 19:55:27 | INFO | ============================================================
2026-02-24 19:55:28 | INFO | ✅ Миграции применены успешно
2026-02-24 19:55:28 | INFO | ✅ База данных инициализирована: C:\Users\Fireboy\Desktop\my_bots\database\..\data\progress.db
2026-02-24 19:55:28 | INFO | ✅ PlayerStorage инициализирован: data\progress.db
2026-02-24 19:55:29 | INFO | deleteWebhook response: b'{"ok":true,"result":true,"description":"Webhook is already deleted"}'
2026-02-24 19:55:29 | INFO | 🤖 Бот запущен! База: SQLite 🗄️ | Очки: ScoreManager 💰 | Аватарки: кэш 🖼️ | Бэкап: готов 💾
2026-02-24 19:55:29 | INFO | 🛑 Для остановки нажмите Ctrl+C (корректное завершение)
2026-02-24 19:55:29 | INFO | 🎨 Запуск загрузки аватарок (в фоне)...
2026-02-24 19:55:29 | INFO | ✅ ScoreManager инициализирован
2026-02-24 19:55:29 | INFO | ✅ ScoreManager инициализирован
2026-02-24 19:55:29 | INFO | ✅ Бот готов к работе! Аватарки грузятся в фоне...

2026-02-24 19:57:21 | INFO | 🛑 Синхронный сигнал завершения (SIGINT/SIGTERM)
2026-02-24 19:57:21 | INFO | 
============================================================
2026-02-24 19:57:21 | INFO | 🛑 ПОЛУЧЕН СИГНАЛ ЗАВЕРШЕНИЯ
2026-02-24 19:57:21 | INFO | ============================================================
2026-02-24 19:57:21 | INFO | ✅ Соединение с БД закрыто
2026-02-24 19:57:21 | INFO | ✅ PlayerStorage закрыт
2026-02-24 19:57:21 | INFO | ✅ Состояние сохранено
2026-02-24 19:57:21 | INFO | 👋 До свидания! Бот остановлен корректно.
2026-02-24 19:57:21 | INFO | ============================================================
2026-02-24 19:57:38 | INFO | ============================================================
2026-02-24 19:57:38 | INFO | 🤖 БОТ ЗАПУЩЕН | 2026-02-24 16:57:38 UTC
2026-02-24 19:57:38 | INFO | ============================================================
2026-02-24 19:57:39 | INFO | ✅ Миграции применены успешно
2026-02-24 19:57:39 | INFO | ✅ База данных инициализирована: C:\Users\Fireboy\Desktop\my_bots\database\..\data\progress.db
2026-02-24 19:57:39 | INFO | ✅ PlayerStorage инициализирован: data\progress.db
2026-02-24 19:57:39 | INFO | deleteWebhook response: b'{"ok":true,"result":true,"description":"Webhook is already deleted"}'
2026-02-24 19:57:39 | INFO | 🤖 Бот запущен! База: SQLite 🗄️ | Очки: ScoreManager 💰 | Аватарки: кэш 🖼️ | Бэкап: готов 💾
2026-02-24 19:57:39 | INFO | 🛑 Для остановки нажмите Ctrl+C (корректное завершение)
2026-02-24 19:57:40 | INFO | 🎨 Запуск загрузки аватарок (в фоне)...
2026-02-24 19:57:40 | INFO | ✅ ScoreManager инициализирован
2026-02-24 19:57:40 | INFO | ✅ ScoreManager инициализирован
2026-02-24 19:57:40 | INFO | ✅ Бот готов к работе! Аватарки грузятся в фоне...

2026-02-24 20:01:13 | INFO | 🛑 Синхронный сигнал завершения (SIGINT/SIGTERM)
2026-02-24 20:01:13 | INFO | 🛑 Синхронный сигнал завершения (SIGINT/SIGTERM)
2026-02-24 20:22:17 | INFO | ============================================================
2026-02-24 20:22:17 | INFO | 🤖 БОТ ЗАПУЩЕН | 2026-02-24 17:22:17 UTC
2026-02-24 20:22:17 | INFO | ============================================================
2026-02-24 20:22:18 | INFO | ✅ Миграции применены успешно
2026-02-24 20:22:18 | INFO | ✅ База данных инициализирована: C:\Users\Fireboy\Desktop\my_bots\database\..\data\progress.db
2026-02-24 20:22:18 | INFO | ✅ PlayerStorage инициализирован: data\progress.db
2026-02-24 20:22:18 | INFO | deleteWebhook response: b'{"ok":true,"result":true,"description":"Webhook is already deleted"}'
2026-02-24 20:22:18 | INFO | 🤖 Бот запущен! База: SQLite 🗄️ | Очки: ScoreManager 💰 | Ядро: ChislyandiaEngine 🧠 | Златочёт: готов 🏦
2026-02-24 20:22:18 | INFO | 🛑 Для остановки нажмите Ctrl+C (корректное завершение)
2026-02-24 20:22:19 | INFO | 🎨 Запуск загрузки аватарок (в фоне)...
2026-02-24 20:22:19 | INFO | ✅ ScoreManager инициализирован
2026-02-24 20:22:19 | INFO | ✅ ScoreManager инициализирован
2026-02-24 20:22:19 | INFO | ✅ ChislyandiaEngine (ядро) инициализировано
2026-02-24 20:22:19 | INFO | ✅ Бот готов к работе! Аватарки грузятся в фоне...

2026-02-24 20:23:48 | INFO | USER 5001966771 | START | name='Илья'
2026-02-24 20:23:57 | ERROR | USER 5001966771 | ERROR: 'PlayerStorage' object has no attribute 'get_connection'
2026-02-24 20:23:57 | ERROR | Traceback (most recent call last):
  File "C:\Users\Fireboy\AppData\Local\Python\pythoncore-3.14-64\Lib\site-packages\telegram\ext\_application.py", line 1315, in process_update
    await coroutine
  File "C:\Users\Fireboy\AppData\Local\Python\pythoncore-3.14-64\Lib\site-packages\telegram\ext\_handlers\basehandler.py", line 159, in handle_update
    return await self.callback(update, context)
           ^^^^^^^^^^^^^^^^^^^^^^^^^^^^^^^^^^^^
  File "C:\Users\Fireboy\Desktop\my_bots\handlers\bank.py", line 19, in show_bank
    bank_data = engine.get_bank_info(user_id)
  File "C:\Users\Fireboy\Desktop\my_bots\core\game_engine.py", line 97, in get_bank_info
    return self.bank.get_bank_data(user_id)
           ~~~~~~~~~~~~~~~~~~~~~~~^^^^^^^^^
  File "C:\Users\Fireboy\Desktop\my_bots\core\bank_manager.py", line 19, in get_bank_data
    conn = self.storage.get_connection()
           ^^^^^^^^^^^^^^^^^^^^^^^^^^^
AttributeError: 'PlayerStorage' object has no attribute 'get_connection'

2026-02-24 20:23:57 | ERROR | Unhandled exception:
Traceback (most recent call last):
  File "C:\Users\Fireboy\AppData\Local\Python\pythoncore-3.14-64\Lib\site-packages\telegram\ext\_application.py", line 1315, in process_update
    await coroutine
  File "C:\Users\Fireboy\AppData\Local\Python\pythoncore-3.14-64\Lib\site-packages\telegram\ext\_handlers\basehandler.py", line 159, in handle_update
    return await self.callback(update, context)
           ^^^^^^^^^^^^^^^^^^^^^^^^^^^^^^^^^^^^
  File "C:\Users\Fireboy\Desktop\my_bots\handlers\bank.py", line 19, in show_bank
    bank_data = engine.get_bank_info(user_id)
  File "C:\Users\Fireboy\Desktop\my_bots\core\game_engine.py", line 97, in get_bank_info
    return self.bank.get_bank_data(user_id)
           ~~~~~~~~~~~~~~~~~~~~~~~^^^^^^^^^
  File "C:\Users\Fireboy\Desktop\my_bots\core\bank_manager.py", line 19, in get_bank_data
    conn = self.storage.get_connection()
           ^^^^^^^^^^^^^^^^^^^^^^^^^^^
AttributeError: 'PlayerStorage' object has no attribute 'get_connection'
2026-02-24 20:25:53 | INFO | 🛑 Синхронный сигнал завершения (SIGINT/SIGTERM)
2026-02-24 20:25:53 | INFO | 
============================================================
2026-02-24 20:25:53 | INFO | 🛑 ПОЛУЧЕН СИГНАЛ ЗАВЕРШЕНИЯ
2026-02-24 20:25:53 | INFO | ============================================================
2026-02-24 20:25:53 | INFO | ✅ Соединение с БД закрыто
2026-02-24 20:25:53 | INFO | ✅ PlayerStorage закрыт
2026-02-24 20:25:53 | INFO | ✅ Состояние сохранено
2026-02-24 20:25:53 | INFO | 👋 До свидания! Бот остановлен корректно.
2026-02-24 20:25:53 | INFO | ============================================================
2026-02-24 20:26:44 | INFO | ============================================================
2026-02-24 20:26:44 | INFO | 🤖 БОТ ЗАПУЩЕН | 2026-02-24 17:26:44 UTC
2026-02-24 20:26:44 | INFO | ============================================================
2026-02-24 20:26:44 | INFO | ✅ Миграции применены успешно
2026-02-24 20:26:44 | INFO | ✅ База данных инициализирована: C:\Users\Fireboy\Desktop\my_bots\database\..\data\progress.db
2026-02-24 20:26:44 | INFO | ✅ PlayerStorage инициализирован: data\progress.db
2026-02-24 20:26:45 | INFO | deleteWebhook response: b'{"ok":true,"result":true,"description":"Webhook is already deleted"}'
2026-02-24 20:26:45 | INFO | 🤖 Бот запущен! База: SQLite 🗄️ | Очки: ScoreManager 💰 | Ядро: ChislyandiaEngine 🧠 | Златочёт: готов 🏦
2026-02-24 20:26:45 | INFO | 🛑 Для остановки нажмите Ctrl+C (корректное завершение)
2026-02-24 20:26:45 | INFO | 🎨 Запуск загрузки аватарок (в фоне)...
2026-02-24 20:26:45 | INFO | ✅ ScoreManager инициализирован
2026-02-24 20:26:45 | INFO | ✅ ScoreManager инициализирован
2026-02-24 20:26:45 | INFO | ✅ ChislyandiaEngine (ядро) инициализировано
2026-02-24 20:26:45 | INFO | ✅ Бот готов к работе! Аватарки грузятся в фоне...

2026-02-24 20:26:58 | INFO | USER 5001966771 | START | name='Илья'
2026-02-24 20:27:03 | ERROR | USER 5001966771 | ERROR: 'str' object has no attribute 'get'
2026-02-24 20:27:03 | ERROR | Traceback (most recent call last):
  File "C:\Users\Fireboy\AppData\Local\Python\pythoncore-3.14-64\Lib\site-packages\telegram\ext\_application.py", line 1315, in process_update
    await coroutine
  File "C:\Users\Fireboy\AppData\Local\Python\pythoncore-3.14-64\Lib\site-packages\telegram\ext\_handlers\basehandler.py", line 159, in handle_update
    return await self.callback(update, context)
           ^^^^^^^^^^^^^^^^^^^^^^^^^^^^^^^^^^^^
  File "C:\Users\Fireboy\Desktop\my_bots\handlers\bank.py", line 19, in show_bank
    bank_data = engine.get_bank_info(user_id)
  File "C:\Users\Fireboy\Desktop\my_bots\core\game_engine.py", line 97, in get_bank_info
    return self.bank.get_bank_data(user_id)
           ~~~~~~~~~~~~~~~~~~~~~~~^^^^^^^^^
  File "C:\Users\Fireboy\Desktop\my_bots\core\bank_manager.py", line 30, in get_bank_data
    bank_data = game_state.get("bank", {})
                ^^^^^^^^^^^^^^
AttributeError: 'str' object has no attribute 'get'

2026-02-24 20:27:03 | ERROR | Unhandled exception:
Traceback (most recent call last):
  File "C:\Users\Fireboy\AppData\Local\Python\pythoncore-3.14-64\Lib\site-packages\telegram\ext\_application.py", line 1315, in process_update
    await coroutine
  File "C:\Users\Fireboy\AppData\Local\Python\pythoncore-3.14-64\Lib\site-packages\telegram\ext\_handlers\basehandler.py", line 159, in handle_update
    return await self.callback(update, context)
           ^^^^^^^^^^^^^^^^^^^^^^^^^^^^^^^^^^^^
  File "C:\Users\Fireboy\Desktop\my_bots\handlers\bank.py", line 19, in show_bank
    bank_data = engine.get_bank_info(user_id)
  File "C:\Users\Fireboy\Desktop\my_bots\core\game_engine.py", line 97, in get_bank_info
    return self.bank.get_bank_data(user_id)
           ~~~~~~~~~~~~~~~~~~~~~~~^^^^^^^^^
  File "C:\Users\Fireboy\Desktop\my_bots\core\bank_manager.py", line 30, in get_bank_data
    bank_data = game_state.get("bank", {})
                ^^^^^^^^^^^^^^
AttributeError: 'str' object has no attribute 'get'
2026-02-24 20:28:28 | INFO | 🛑 Синхронный сигнал завершения (SIGINT/SIGTERM)
2026-02-24 20:28:28 | INFO | 
============================================================
2026-02-24 20:28:28 | INFO | 🛑 ПОЛУЧЕН СИГНАЛ ЗАВЕРШЕНИЯ
2026-02-24 20:28:28 | INFO | ============================================================
2026-02-24 20:28:28 | INFO | ✅ Соединение с БД закрыто
2026-02-24 20:28:28 | INFO | ✅ PlayerStorage закрыт
2026-02-24 20:28:28 | INFO | ✅ Состояние сохранено
2026-02-24 20:28:28 | INFO | 👋 До свидания! Бот остановлен корректно.
2026-02-24 20:28:28 | INFO | ============================================================
2026-02-24 20:29:04 | INFO | ============================================================
2026-02-24 20:29:04 | INFO | 🤖 БОТ ЗАПУЩЕН | 2026-02-24 17:29:04 UTC
2026-02-24 20:29:04 | INFO | ============================================================
2026-02-24 20:29:05 | INFO | ✅ Миграции применены успешно
2026-02-24 20:29:05 | INFO | ✅ База данных инициализирована: C:\Users\Fireboy\Desktop\my_bots\database\..\data\progress.db
2026-02-24 20:29:05 | INFO | ✅ PlayerStorage инициализирован: data\progress.db
2026-02-24 20:29:05 | INFO | deleteWebhook response: b'{"ok":true,"result":true,"description":"Webhook is already deleted"}'
2026-02-24 20:29:05 | INFO | 🤖 Бот запущен! База: SQLite 🗄️ | Очки: ScoreManager 💰 | Ядро: ChislyandiaEngine 🧠 | Златочёт: готов 🏦
2026-02-24 20:29:06 | INFO | 🛑 Для остановки нажмите Ctrl+C (корректное завершение)
2026-02-24 20:29:06 | INFO | 🎨 Запуск загрузки аватарок (в фоне)...
2026-02-24 20:29:06 | INFO | ✅ ScoreManager инициализирован
2026-02-24 20:29:06 | INFO | ✅ ScoreManager инициализирован
2026-02-24 20:29:06 | INFO | ✅ ChislyandiaEngine (ядро) инициализировано
2026-02-24 20:29:06 | INFO | ✅ Бот готов к работе! Аватарки грузятся в фоне...

2026-02-24 20:29:19 | INFO | USER 5001966771 | START | name='Илья'
2026-02-24 20:31:55 | INFO | USER 5001966771 | MESSAGE | text='🎒 Инвентарь' | name='Илья'
2026-02-24 20:32:14 | INFO | USER 5001966771 | MESSAGE | text='⬅️ Назад' | name='Илья'
2026-02-24 20:32:16 | INFO | USER 5001966771 | MESSAGE | text='🎒 Инвентарь' | name='Илья'
2026-02-24 20:33:29 | INFO | USER 5001966771 | MESSAGE | text='⬅️ Назад' | name='Илья'
2026-02-24 20:33:31 | INFO | USER 5001966771 | MESSAGE | text='🎒 Инвентарь' | name='Илья'
2026-02-24 20:35:50 | INFO | 🛑 Синхронный сигнал завершения (SIGINT/SIGTERM)
2026-02-24 20:35:50 | INFO | 
============================================================
2026-02-24 20:35:50 | INFO | 🛑 ПОЛУЧЕН СИГНАЛ ЗАВЕРШЕНИЯ
2026-02-24 20:35:50 | INFO | ============================================================
2026-02-24 20:35:50 | INFO | ✅ Соединение с БД закрыто
2026-02-24 20:35:50 | INFO | ✅ PlayerStorage закрыт
2026-02-24 20:35:50 | INFO | ✅ Состояние сохранено
2026-02-24 20:35:50 | INFO | 👋 До свидания! Бот остановлен корректно.
2026-02-24 20:35:50 | INFO | ============================================================
2026-02-24 20:36:05 | INFO | ============================================================
2026-02-24 20:36:05 | INFO | 🤖 БОТ ЗАПУЩЕН | 2026-02-24 17:36:05 UTC
2026-02-24 20:36:05 | INFO | ============================================================
2026-02-24 20:36:06 | INFO | ✅ Миграции применены успешно
2026-02-24 20:36:06 | INFO | ✅ База данных инициализирована: C:\Users\Fireboy\Desktop\my_bots\database\..\data\progress.db
2026-02-24 20:36:06 | INFO | ✅ PlayerStorage инициализирован: data\progress.db
2026-02-24 20:36:07 | INFO | deleteWebhook response: b'{"ok":true,"result":true,"description":"Webhook is already deleted"}'
2026-02-24 20:36:07 | INFO | 🤖 Бот запущен! База: SQLite 🗄️ | Очки: ScoreManager 💰 | Ядро: ChislyandiaEngine 🧠 | Златочёт: готов 🏦
2026-02-24 20:36:07 | INFO | 🛑 Для остановки нажмите Ctrl+C (корректное завершение)
2026-02-24 20:36:07 | INFO | 🎨 Запуск загрузки аватарок (в фоне)...
2026-02-24 20:36:07 | INFO | ✅ ScoreManager инициализирован
2026-02-24 20:36:07 | INFO | ✅ ScoreManager инициализирован
2026-02-24 20:36:07 | INFO | ✅ ChislyandiaEngine (ядро) инициализировано
2026-02-24 20:36:07 | INFO | ✅ Бот готов к работе! Аватарки грузятся в фоне...

2026-02-24 20:36:23 | INFO | USER 5001966771 | START | name='Илья'
2026-02-24 20:36:29 | INFO | USER 5001966771 | MESSAGE | text='🎒 Инвентарь' | name='Илья'
2026-02-24 20:36:42 | INFO | 🏦 Депозит: user_id=5001966771, amount=500
2026-02-24 20:36:42 | INFO | 📊 Баланс игрока: 9014
2026-02-24 20:36:42 | INFO | 💰 Списано 500 золотых через ScoreManager
2026-02-24 20:36:42 | INFO | ✅ game_state сохранён для user_id=5001966771
2026-02-24 20:36:42 | INFO | ✅ Вклад обновлён: 0 → 500
2026-02-24 20:36:42 | INFO | 🔍 Проверка: после сохранения баланс в банке = None
2026-02-24 20:36:48 | INFO | USER 5001966771 | MESSAGE | text='⬅️ Назад' | name='Илья'
2026-02-24 20:36:49 | INFO | USER 5001966771 | MESSAGE | text='🎒 Инвентарь' | name='Илья'
2026-02-24 20:37:39 | INFO | 🏦 Депозит: user_id=5001966771, amount=500
2026-02-24 20:37:39 | INFO | 📊 Баланс игрока: 9014
2026-02-24 20:37:39 | INFO | 💰 Списано 500 золотых через ScoreManager
2026-02-24 20:37:39 | INFO | ✅ game_state сохранён для user_id=5001966771
2026-02-24 20:37:39 | INFO | ✅ Вклад обновлён: 0 → 500
2026-02-24 20:37:39 | INFO | 🔍 Проверка: после сохранения баланс в банке = None
2026-02-24 20:42:45 | INFO | 🛑 Синхронный сигнал завершения (SIGINT/SIGTERM)
2026-02-24 20:42:46 | INFO | 
============================================================
2026-02-24 20:42:46 | INFO | 🛑 ПОЛУЧЕН СИГНАЛ ЗАВЕРШЕНИЯ
2026-02-24 20:42:46 | INFO | ============================================================
2026-02-24 20:42:46 | INFO | ✅ Соединение с БД закрыто
2026-02-24 20:42:46 | INFO | ✅ PlayerStorage закрыт
2026-02-24 20:42:46 | INFO | ✅ Состояние сохранено
2026-02-24 20:42:46 | INFO | 👋 До свидания! Бот остановлен корректно.
2026-02-24 20:42:46 | INFO | ============================================================
2026-02-24 20:46:46 | INFO | ============================================================
2026-02-24 20:46:46 | INFO | 🤖 БОТ ЗАПУЩЕН | 2026-02-24 17:46:46 UTC
2026-02-24 20:46:46 | INFO | ============================================================
2026-02-24 20:46:47 | INFO | ✅ Миграции применены успешно
2026-02-24 20:46:47 | INFO | ✅ База данных инициализирована: C:\Users\Fireboy\Desktop\my_bots\database\..\data\progress.db
2026-02-24 20:46:47 | INFO | ✅ PlayerStorage инициализирован: data\progress.db
2026-02-24 20:46:47 | INFO | deleteWebhook response: b'{"ok":true,"result":true,"description":"Webhook is already deleted"}'
2026-02-24 20:46:47 | INFO | 🤖 Бот запущен! База: SQLite 🗄️ | Очки: ScoreManager 💰 | Ядро: ChislyandiaEngine 🧠 | Златочёт: готов 🏦
2026-02-24 20:46:47 | INFO | 🛑 Для остановки нажмите Ctrl+C (корректное завершение)
2026-02-24 20:46:48 | INFO | 🎨 Запуск загрузки аватарок (в фоне)...
2026-02-24 20:46:48 | INFO | ✅ ScoreManager инициализирован
2026-02-24 20:46:48 | INFO | ✅ ScoreManager инициализирован
2026-02-24 20:46:48 | INFO | ✅ ChislyandiaEngine (ядро) инициализировано
2026-02-24 20:46:48 | INFO | ✅ Бот готов к работе! Аватарки грузятся в фоне...

2026-02-24 20:47:05 | INFO | USER 5001966771 | START | name='Илья'
2026-02-24 20:47:12 | INFO | USER 5001966771 | MESSAGE | text='🎒 Инвентарь' | name='Илья'
2026-02-24 20:47:22 | INFO | 🏦 Депозит: user_id=5001966771, amount=500
2026-02-24 20:47:22 | INFO | 📊 Баланс игрока: 9014
2026-02-24 20:47:22 | INFO | 💰 Обновлён баланс: 9014 → 8514
2026-02-24 20:47:22 | INFO | 🏦 Вклад обновлён: 0 → 500
2026-02-24 20:47:22 | INFO | ✅ Пользователь сохранён
2026-02-24 20:47:22 | ERROR | ❌ log_score_change ошибка: 'PlayerStorage' object has no attribute 'get_connection'
Traceback (most recent call last):
  File "C:\Users\Fireboy\Desktop\my_bots\core\score_manager.py", line 276, in log_score_change
    conn = self.storage.get_connection()
           ^^^^^^^^^^^^^^^^^^^^^^^^^^^
AttributeError: 'PlayerStorage' object has no attribute 'get_connection'
2026-02-24 20:47:29 | INFO | USER 5001966771 | MESSAGE | text='⬅️ Назад' | name='Илья'
2026-02-24 20:47:31 | INFO | USER 5001966771 | MESSAGE | text='🎒 Инвентарь' | name='Илья'
2026-02-24 20:47:57 | INFO | 🏦 Снятие: user_id=5001966771
2026-02-24 20:47:57 | INFO | 📊 Вклад в банке: 0
2026-02-24 20:50:30 | INFO | 🛑 Синхронный сигнал завершения (SIGINT/SIGTERM)
2026-02-24 20:50:33 | INFO | 
============================================================
2026-02-24 20:50:33 | INFO | 🛑 ПОЛУЧЕН СИГНАЛ ЗАВЕРШЕНИЯ
2026-02-24 20:50:33 | INFO | ============================================================
2026-02-24 20:50:33 | INFO | ✅ Соединение с БД закрыто
2026-02-24 20:50:33 | INFO | ✅ PlayerStorage закрыт
2026-02-24 20:50:33 | INFO | ✅ Состояние сохранено
2026-02-24 20:50:33 | INFO | 👋 До свидания! Бот остановлен корректно.
2026-02-24 20:50:33 | INFO | ============================================================
2026-02-24 20:52:20 | INFO | ============================================================
2026-02-24 20:52:20 | INFO | 🤖 БОТ ЗАПУЩЕН | 2026-02-24 17:52:20 UTC
2026-02-24 20:52:20 | INFO | ============================================================
2026-02-24 20:52:20 | INFO | ✅ Миграции применены успешно
2026-02-24 20:52:20 | INFO | ✅ База данных инициализирована: C:\Users\Fireboy\Desktop\my_bots\database\..\data\progress.db
2026-02-24 20:52:20 | INFO | ✅ PlayerStorage инициализирован: data\progress.db
2026-02-24 20:52:21 | INFO | deleteWebhook response: b'{"ok":true,"result":true,"description":"Webhook is already deleted"}'
2026-02-24 20:52:21 | INFO | 🤖 Бот запущен! База: SQLite 🗄️ | Очки: ScoreManager 💰 | Ядро: ChislyandiaEngine 🧠 | Златочёт: готов 🏦
2026-02-24 20:52:21 | INFO | 🛑 Для остановки нажмите Ctrl+C (корректное завершение)
2026-02-24 20:52:21 | INFO | 🎨 Запуск загрузки аватарок (в фоне)...
2026-02-24 20:52:21 | INFO | ✅ ScoreManager инициализирован
2026-02-24 20:52:21 | INFO | ✅ ScoreManager инициализирован
2026-02-24 20:52:21 | INFO | ✅ ChislyandiaEngine (ядро) инициализировано
2026-02-24 20:52:21 | INFO | ✅ Бот готов к работе! Аватарки грузятся в фоне...

2026-02-24 20:52:35 | INFO | USER 5001966771 | START | name='Илья'
2026-02-24 20:52:41 | INFO | USER 5001966771 | MESSAGE | text='🎒 Инвентарь' | name='Илья'
2026-02-24 20:52:59 | INFO | 🏦 Депозит: user_id=5001966771, amount=500
2026-02-24 20:52:59 | INFO | 📊 Баланс игрока: 8514
2026-02-24 20:52:59 | INFO | 💰 Обновлён баланс: 8514 → 8014
2026-02-24 20:52:59 | INFO | 🏦 Вклад обновлён: 0 → 500
2026-02-24 20:52:59 | INFO | ✅ Пользователь сохранён
2026-02-24 20:52:59 | ERROR | ❌ log_score_change ошибка: 'PlayerStorage' object has no attribute 'get_connection'
Traceback (most recent call last):
  File "C:\Users\Fireboy\Desktop\my_bots\core\score_manager.py", line 211, in log_score_change
    conn = self.storage.get_connection()
           ^^^^^^^^^^^^^^^^^^^^^^^^^^^
AttributeError: 'PlayerStorage' object has no attribute 'get_connection'
2026-02-24 20:53:05 | INFO | USER 5001966771 | MESSAGE | text='⬅️ Назад' | name='Илья'
2026-02-24 20:53:06 | INFO | USER 5001966771 | MESSAGE | text='🎒 Инвентарь' | name='Илья'
2026-02-24 20:53:23 | INFO | 🏦 Снятие: user_id=5001966771
2026-02-24 20:53:23 | INFO | 📊 Вклад в банке: 0
2026-02-24 21:01:43 | INFO | 🛑 Синхронный сигнал завершения (SIGINT/SIGTERM)
2026-02-24 21:01:47 | INFO | 
============================================================
2026-02-24 21:01:47 | INFO | 🛑 ПОЛУЧЕН СИГНАЛ ЗАВЕРШЕНИЯ
2026-02-24 21:01:47 | INFO | ============================================================
2026-02-24 21:01:47 | INFO | ✅ Соединение с БД закрыто
2026-02-24 21:01:47 | INFO | ✅ PlayerStorage закрыт
2026-02-24 21:01:47 | INFO | ✅ Состояние сохранено
2026-02-24 21:01:47 | INFO | 👋 До свидания! Бот остановлен корректно.
2026-02-24 21:01:47 | INFO | ============================================================
2026-02-24 21:01:50 | INFO | ============================================================
2026-02-24 21:01:50 | INFO | 🤖 БОТ ЗАПУЩЕН | 2026-02-24 18:01:50 UTC
2026-02-24 21:01:50 | INFO | ============================================================
2026-02-24 21:01:51 | INFO | ✅ Миграции применены успешно
2026-02-24 21:01:51 | INFO | ✅ База данных инициализирована: C:\Users\Fireboy\Desktop\my_bots\database\..\data\progress.db
2026-02-24 21:01:51 | INFO | ✅ PlayerStorage инициализирован: data\progress.db
2026-02-24 21:01:51 | INFO | deleteWebhook response: b'{"ok":true,"result":true,"description":"Webhook is already deleted"}'
2026-02-24 21:01:51 | INFO | 🤖 Бот запущен! База: SQLite 🗄️ | Очки: ScoreManager 💰 | Ядро: ChislyandiaEngine 🧠 | Златочёт: готов 🏦
2026-02-24 21:01:51 | INFO | 🛑 Для остановки нажмите Ctrl+C (корректное завершение)
2026-02-24 21:01:52 | INFO | 🎨 Запуск загрузки аватарок (в фоне)...
2026-02-24 21:01:52 | INFO | ✅ ScoreManager инициализирован
2026-02-24 21:01:52 | INFO | ✅ ScoreManager инициализирован
2026-02-24 21:01:52 | INFO | ✅ ChislyandiaEngine (ядро) инициализировано
2026-02-24 21:01:52 | INFO | ✅ Бот готов к работе! Аватарки грузятся в фоне...

2026-02-24 21:02:12 | INFO | USER 5001966771 | START | name='Илья'
2026-02-24 21:02:53 | INFO | 🏦 ДЕПОЗИТ СТАРТ: user_id=5001966771, amount=500
2026-02-24 21:02:53 | INFO | 📊 Баланс ДО: 8014
2026-02-24 21:02:53 | INFO | 📊 Баланс ПОСЛЕ: 7514
2026-02-24 21:02:53 | INFO | 🏦 Вклад: 0 → 500
2026-02-24 21:02:53 | INFO | ✅ game_state сохранён для user_id=5001966771
2026-02-24 21:02:53 | ERROR | ❌ log_score_change ошибка: 'PlayerStorage' object has no attribute 'get_connection'
Traceback (most recent call last):
  File "C:\Users\Fireboy\Desktop\my_bots\core\score_manager.py", line 211, in log_score_change
    conn = self.storage.get_connection()
           ^^^^^^^^^^^^^^^^^^^^^^^^^^^
AttributeError: 'PlayerStorage' object has no attribute 'get_connection'
2026-02-24 21:02:53 | INFO | 🔍 ПРОВЕРКА: после сохранения баланс в банке = None
2026-02-24 21:03:54 | INFO | 🏦 СНЯТИЕ СТАРТ: user_id=5001966771
2026-02-24 21:04:11 | INFO | 📊 Вклад в банке: 0
2026-02-24 21:06:07 | INFO | 🛑 Синхронный сигнал завершения (SIGINT/SIGTERM)
2026-02-24 21:06:07 | INFO | 
============================================================
2026-02-24 21:06:07 | INFO | 🛑 ПОЛУЧЕН СИГНАЛ ЗАВЕРШЕНИЯ
2026-02-24 21:06:07 | INFO | ============================================================
2026-02-24 21:06:07 | INFO | ✅ Соединение с БД закрыто
2026-02-24 21:06:07 | INFO | ✅ PlayerStorage закрыт
2026-02-24 21:06:07 | INFO | ✅ Состояние сохранено
2026-02-24 21:06:07 | INFO | 👋 До свидания! Бот остановлен корректно.
2026-02-24 21:06:07 | INFO | ============================================================
2026-02-24 21:06:12 | INFO | ============================================================
2026-02-24 21:06:12 | INFO | 🤖 БОТ ЗАПУЩЕН | 2026-02-24 18:06:12 UTC
2026-02-24 21:06:12 | INFO | ============================================================
2026-02-24 21:06:13 | INFO | ✅ Миграции применены успешно
2026-02-24 21:06:13 | INFO | ✅ База данных инициализирована: C:\Users\Fireboy\Desktop\my_bots\database\..\data\progress.db
2026-02-24 21:06:13 | INFO | ✅ PlayerStorage инициализирован: data\progress.db
2026-02-24 21:06:13 | INFO | deleteWebhook response: b'{"ok":true,"result":true,"description":"Webhook is already deleted"}'
2026-02-24 21:06:13 | INFO | 🤖 Бот запущен! База: SQLite 🗄️ | Очки: ScoreManager 💰 | Ядро: ChislyandiaEngine 🧠 | Златочёт: готов 🏦
2026-02-24 21:06:13 | INFO | 🛑 Для остановки нажмите Ctrl+C (корректное завершение)
2026-02-24 21:06:14 | INFO | 🎨 Запуск загрузки аватарок (в фоне)...
2026-02-24 21:06:14 | INFO | ✅ ScoreManager инициализирован
2026-02-24 21:06:14 | INFO | ✅ ScoreManager инициализирован
2026-02-24 21:06:14 | INFO | ✅ ChislyandiaEngine (ядро) инициализировано
2026-02-24 21:06:14 | INFO | ✅ Бот готов к работе! Аватарки грузятся в фоне...

2026-02-24 21:06:24 | INFO | USER 5001966771 | START | name='Илья'
2026-02-24 21:06:43 | INFO | 🏦 ДЕПОЗИТ СТАРТ: user_id=5001966771, amount=500
2026-02-24 21:06:43 | INFO | 📊 Баланс ДО: 7514
2026-02-24 21:06:43 | INFO | 📊 Баланс ПОСЛЕ: 7014
2026-02-24 21:06:43 | INFO | 🏦 Вклад: 0 → 500
2026-02-24 21:06:43 | INFO | ✅ bank_data сохранён в отдельное поле для user_id=5001966771
2026-02-24 21:06:43 | INFO | 🔍 ПРОВЕРКА: после сохранения баланс в банке = None
2026-02-24 21:06:55 | INFO | 🏦 СНЯТИЕ СТАРТ: user_id=5001966771
2026-02-24 21:06:55 | INFO | 📊 Вклад в банке: 0
2026-02-24 21:08:49 | INFO | 🛑 Синхронный сигнал завершения (SIGINT/SIGTERM)
2026-02-24 21:08:52 | INFO | 
============================================================
2026-02-24 21:08:52 | INFO | 🛑 ПОЛУЧЕН СИГНАЛ ЗАВЕРШЕНИЯ
2026-02-24 21:08:52 | INFO | ============================================================
2026-02-24 21:08:52 | INFO | ✅ Соединение с БД закрыто
2026-02-24 21:08:52 | INFO | ✅ PlayerStorage закрыт
2026-02-24 21:08:52 | INFO | ✅ Состояние сохранено
2026-02-24 21:08:52 | INFO | 👋 До свидания! Бот остановлен корректно.
2026-02-24 21:08:52 | INFO | ============================================================
2026-02-24 21:08:58 | INFO | ============================================================
2026-02-24 21:08:58 | INFO | 🤖 БОТ ЗАПУЩЕН | 2026-02-24 18:08:58 UTC
2026-02-24 21:08:58 | INFO | ============================================================
2026-02-24 21:08:59 | INFO | 🔄 Миграция: добавляем bank_data...
2026-02-24 21:08:59 | INFO | ✅ Миграции применены успешно
2026-02-24 21:08:59 | INFO | ✅ База данных инициализирована: C:\Users\Fireboy\Desktop\my_bots\database\..\data\progress.db
2026-02-24 21:08:59 | INFO | ✅ PlayerStorage инициализирован: data\progress.db
2026-02-24 21:08:59 | INFO | deleteWebhook response: b'{"ok":true,"result":true,"description":"Webhook is already deleted"}'
2026-02-24 21:08:59 | INFO | 🤖 Бот запущен! База: SQLite 🗄️ | Очки: ScoreManager 💰 | Ядро: ChislyandiaEngine 🧠 | Златочёт: готов 🏦
2026-02-24 21:08:59 | INFO | 🛑 Для остановки нажмите Ctrl+C (корректное завершение)
2026-02-24 21:09:00 | INFO | 🎨 Запуск загрузки аватарок (в фоне)...
2026-02-24 21:09:00 | INFO | ✅ ScoreManager инициализирован
2026-02-24 21:09:00 | INFO | ✅ ScoreManager инициализирован
2026-02-24 21:09:00 | INFO | ✅ ChislyandiaEngine (ядро) инициализировано
2026-02-24 21:09:00 | INFO | ✅ Бот готов к работе! Аватарки грузятся в фоне...

2026-02-24 21:09:04 | INFO | USER 5001966771 | START | name='Илья'
2026-02-24 21:09:07 | INFO | USER 5001966771 | MESSAGE | text='🎒 Инвентарь' | name='Илья'
2026-02-24 21:09:18 | INFO | 🏦 ДЕПОЗИТ СТАРТ: user_id=5001966771, amount=500
2026-02-24 21:09:18 | INFO | 📊 Баланс ДО: 7014
2026-02-24 21:09:18 | INFO | 📊 Баланс ПОСЛЕ: 6514
2026-02-24 21:09:18 | INFO | 🏦 Вклад: 0 → 500
2026-02-24 21:09:18 | INFO | ✅ bank_data сохранён в отдельное поле для user_id=5001966771
2026-02-24 21:09:18 | INFO | 🔍 ПРОВЕРКА: после сохранения баланс в банке = None
2026-02-24 21:10:07 | INFO | 🏦 СНЯТИЕ СТАРТ: user_id=5001966771
2026-02-24 21:10:07 | INFO | 📊 Вклад в банке: 0
2026-02-24 21:11:42 | INFO | 🛑 Синхронный сигнал завершения (SIGINT/SIGTERM)
2026-02-24 21:11:42 | INFO | 
============================================================
2026-02-24 21:11:42 | INFO | 🛑 ПОЛУЧЕН СИГНАЛ ЗАВЕРШЕНИЯ
2026-02-24 21:11:42 | INFO | ============================================================
2026-02-24 21:11:42 | INFO | ✅ Соединение с БД закрыто
2026-02-24 21:11:42 | INFO | ✅ PlayerStorage закрыт
2026-02-24 21:11:42 | INFO | ✅ Состояние сохранено
2026-02-24 21:11:42 | INFO | 👋 До свидания! Бот остановлен корректно.
2026-02-24 21:11:42 | INFO | ============================================================
2026-02-24 21:14:54 | INFO | ============================================================
2026-02-24 21:14:54 | INFO | 🤖 БОТ ЗАПУЩЕН | 2026-02-24 18:14:54 UTC
2026-02-24 21:14:54 | INFO | ============================================================
2026-02-24 21:14:55 | INFO | ✅ Миграции применены успешно
2026-02-24 21:14:55 | INFO | ✅ База данных инициализирована: C:\Users\Fireboy\Desktop\my_bots\database\..\data\progress.db
2026-02-24 21:14:55 | INFO | ✅ PlayerStorage инициализирован: data\progress.db
2026-02-24 21:14:56 | INFO | deleteWebhook response: b'{"ok":true,"result":true,"description":"Webhook is already deleted"}'
2026-02-24 21:14:56 | INFO | 🤖 Бот запущен! База: SQLite 🗄️ | Очки: ScoreManager 💰 | Ядро: ChislyandiaEngine 🧠 | Златочёт: готов 🏦
2026-02-24 21:14:56 | INFO | 🛑 Для остановки нажмите Ctrl+C (корректное завершение)
2026-02-24 21:14:56 | INFO | 🎨 Запуск загрузки аватарок (в фоне)...
2026-02-24 21:14:56 | INFO | ✅ ScoreManager инициализирован
2026-02-24 21:14:56 | INFO | ✅ ScoreManager инициализирован
2026-02-24 21:14:56 | INFO | ✅ ChislyandiaEngine (ядро) инициализировано
2026-02-24 21:14:56 | INFO | ✅ Бот готов к работе! Аватарки грузятся в фоне...

2026-02-24 21:15:06 | INFO | USER 5001966771 | START | name='Илья'
2026-02-24 21:15:16 | INFO | 🏦 ДЕПОЗИТ СТАРТ: user_id=5001966771, amount=500
2026-02-24 21:15:16 | INFO | 📊 Баланс ДО: 6514
2026-02-24 21:15:16 | ERROR | ❌ Ошибка save_user: Error binding parameter 22: type 'dict' is not supported
2026-02-24 21:15:16 | INFO | 📊 Баланс ПОСЛЕ: 6014
2026-02-24 21:15:16 | INFO | 🏦 Вклад: 0 → 500
2026-02-24 21:15:16 | INFO | ✅ bank_data обновлён через SQL для user_id=5001966771
2026-02-24 21:15:16 | INFO | 🔍 ПРОВЕРКА: после сохранения баланс в банке = 500
2026-02-24 21:15:26 | INFO | 🏦 СНЯТИЕ СТАРТ: user_id=5001966771
2026-02-24 21:15:26 | INFO | 📊 Вклад в банке: 500
2026-02-24 21:15:26 | ERROR | ❌ Ошибка save_user: Error binding parameter 22: type 'dict' is not supported
2026-02-24 21:15:26 | INFO | 📊 Баланс после снятия: 7014
2026-02-24 21:15:26 | INFO | ✅ bank_data обновлён через SQL для user_id=5001966771
2026-02-24 21:15:26 | INFO | 🔍 ПРОВЕРКА: после снятия баланс в банке = 0
2026-02-24 21:15:41 | INFO | USER 5001966771 | MESSAGE | text='🎒 Инвентарь' | name='Илья'
2026-02-24 21:20:28 | INFO | 🏦 ДЕПОЗИТ СТАРТ: user_id=5001966771, amount=500
2026-02-24 21:20:28 | INFO | 📊 Баланс ДО: 6514
2026-02-24 21:20:28 | ERROR | ❌ Ошибка save_user: Error binding parameter 22: type 'dict' is not supported
2026-02-24 21:20:28 | INFO | 📊 Баланс ПОСЛЕ: 6014
2026-02-24 21:20:28 | INFO | 🏦 Вклад: 0 → 500
2026-02-24 21:20:28 | INFO | ✅ bank_data обновлён через SQL для user_id=5001966771
2026-02-24 21:20:28 | INFO | 🔍 ПРОВЕРКА: после сохранения баланс в банке = 500
2026-02-24 21:20:47 | INFO | 🏦 СНЯТИЕ СТАРТ: user_id=5001966771
2026-02-24 21:20:47 | INFO | 📊 Вклад в банке: 500
2026-02-24 21:20:47 | ERROR | ❌ Ошибка save_user: Error binding parameter 22: type 'dict' is not supported
2026-02-24 21:20:47 | INFO | 📊 Баланс после снятия: 7014
2026-02-24 21:20:47 | INFO | ✅ bank_data обновлён через SQL для user_id=5001966771
2026-02-24 21:20:47 | INFO | 🔍 ПРОВЕРКА: после снятия баланс в банке = 0
2026-02-24 21:20:59 | INFO | USER 5001966771 | MESSAGE | text='⬅️ Назад' | name='Илья'
2026-02-24 21:21:00 | INFO | USER 5001966771 | MESSAGE | text='🎒 Инвентарь' | name='Илья'
2026-02-24 21:21:45 | INFO | USER 5001966771 | START | name='Илья'
2026-02-24 21:22:17 | INFO | 🏦 ДЕПОЗИТ СТАРТ: user_id=5001966771, amount=500
2026-02-24 21:22:17 | INFO | 📊 Баланс ДО: 6514
2026-02-24 21:22:17 | ERROR | ❌ Ошибка save_user: Error binding parameter 22: type 'dict' is not supported
2026-02-24 21:22:17 | INFO | 📊 Баланс ПОСЛЕ: 6014
2026-02-24 21:22:17 | INFO | 🏦 Вклад: 0 → 500
2026-02-24 21:22:17 | INFO | ✅ bank_data обновлён через SQL для user_id=5001966771
2026-02-24 21:22:17 | INFO | 🔍 ПРОВЕРКА: после сохранения баланс в банке = 500
2026-02-24 21:22:35 | INFO | 🛑 Синхронный сигнал завершения (SIGINT/SIGTERM)
2026-02-24 21:22:36 | INFO | 
============================================================
2026-02-24 21:22:36 | INFO | 🛑 ПОЛУЧЕН СИГНАЛ ЗАВЕРШЕНИЯ
2026-02-24 21:22:36 | INFO | ============================================================
2026-02-24 21:22:36 | INFO | ✅ Соединение с БД закрыто
2026-02-24 21:22:36 | INFO | ✅ PlayerStorage закрыт
2026-02-24 21:22:36 | INFO | ✅ Состояние сохранено
2026-02-24 21:22:36 | INFO | 👋 До свидания! Бот остановлен корректно.
2026-02-24 21:22:36 | INFO | ============================================================
2026-02-24 21:22:39 | INFO | ============================================================
2026-02-24 21:22:39 | INFO | 🤖 БОТ ЗАПУЩЕН | 2026-02-24 18:22:39 UTC
2026-02-24 21:22:39 | INFO | ============================================================
2026-02-24 21:22:39 | INFO | ✅ Миграции применены успешно
2026-02-24 21:22:39 | INFO | ✅ База данных инициализирована: C:\Users\Fireboy\Desktop\my_bots\database\..\data\progress.db
2026-02-24 21:22:39 | INFO | ✅ PlayerStorage инициализирован: data\progress.db
2026-02-24 21:22:40 | INFO | deleteWebhook response: b'{"ok":true,"result":true,"description":"Webhook is already deleted"}'
2026-02-24 21:22:40 | INFO | 🤖 Бот запущен! База: SQLite 🗄️ | Очки: ScoreManager 💰 | Ядро: ChislyandiaEngine 🧠 | Златочёт: готов 🏦
2026-02-24 21:22:40 | INFO | 🛑 Для остановки нажмите Ctrl+C (корректное завершение)
2026-02-24 21:22:40 | INFO | 🎨 Запуск загрузки аватарок (в фоне)...
2026-02-24 21:22:40 | INFO | ✅ ScoreManager инициализирован
2026-02-24 21:22:40 | INFO | ✅ ScoreManager инициализирован
2026-02-24 21:22:40 | INFO | ✅ ChislyandiaEngine (ядро) инициализировано
2026-02-24 21:22:40 | INFO | ✅ Бот готов к работе! Аватарки грузятся в фоне...

2026-02-24 21:22:42 | INFO | USER 5001966771 | START | name='Илья'
2026-02-24 21:23:02 | INFO | 🏦 ДЕПОЗИТ СТАРТ: user_id=5001966771, amount=500
2026-02-24 21:23:02 | INFO | 📊 Баланс ДО: 6514
2026-02-24 21:23:02 | INFO | 📊 Баланс ПОСЛЕ: 6014
2026-02-24 21:23:02 | INFO | 🏦 Вклад: 0 → 500
2026-02-24 21:23:02 | INFO | ✅ bank_data обновлён через SQL для user_id=5001966771
2026-02-24 21:23:02 | INFO | 🔍 ПРОВЕРКА: после сохранения баланс в банке = 500
2026-02-24 21:23:18 | INFO | 🏦 СНЯТИЕ СТАРТ: user_id=5001966771
2026-02-24 21:23:18 | INFO | 📊 Вклад в банке: 500
2026-02-24 21:23:18 | INFO | 📊 Баланс после снятия: 6514
2026-02-24 21:23:18 | INFO | ✅ bank_data обновлён через SQL для user_id=5001966771
2026-02-24 21:23:18 | INFO | 🔍 ПРОВЕРКА: после снятия баланс в банке = 0
2026-02-24 21:25:02 | INFO | 🛑 Синхронный сигнал завершения (SIGINT/SIGTERM)
2026-02-24 21:25:03 | INFO | 
============================================================
2026-02-24 21:25:03 | INFO | 🛑 ПОЛУЧЕН СИГНАЛ ЗАВЕРШЕНИЯ
2026-02-24 21:25:03 | INFO | ============================================================
2026-02-24 21:25:03 | INFO | ✅ Соединение с БД закрыто
2026-02-24 21:25:03 | INFO | ✅ PlayerStorage закрыт
2026-02-24 21:25:03 | INFO | ✅ Состояние сохранено
2026-02-24 21:25:03 | INFO | 👋 До свидания! Бот остановлен корректно.
2026-02-24 21:25:03 | INFO | ============================================================
2026-02-24 21:37:04 | INFO | ============================================================
2026-02-24 21:37:04 | INFO | 🤖 БОТ ЗАПУЩЕН | 2026-02-24 18:37:04 UTC
2026-02-24 21:37:04 | INFO | ============================================================
2026-02-24 21:37:04 | INFO | ✅ Миграции применены успешно
2026-02-24 21:37:04 | INFO | ✅ База данных инициализирована: C:\Users\Fireboy\Desktop\my_bots\database\..\data\progress.db
2026-02-24 21:37:04 | INFO | ✅ PlayerStorage инициализирован: data\progress.db
2026-02-24 21:37:05 | INFO | deleteWebhook response: b'{"ok":true,"result":true,"description":"Webhook is already deleted"}'
2026-02-24 21:37:05 | INFO | 🤖 Бот запущен! База: SQLite 🗄️ | Очки: ScoreManager 💰 | Ядро: ChislyandiaEngine 🧠 | Златочёт: 🏦 | Замок: 🏰
2026-02-24 21:37:05 | INFO | 🛑 Для остановки нажмите Ctrl+C (корректное завершение)
2026-02-24 21:37:05 | INFO | 🎨 Запуск загрузки аватарок (в фоне)...
2026-02-24 21:37:05 | INFO | ✅ ScoreManager инициализирован
2026-02-24 21:37:05 | INFO | ✅ ScoreManager инициализирован
2026-02-24 21:37:05 | INFO | ✅ ChislyandiaEngine (ядро) инициализировано
2026-02-24 21:37:05 | INFO | ✅ Бот готов к работе! Аватарки грузятся в фоне...

2026-02-24 21:37:15 | INFO | USER 5001966771 | START | name='Илья'
2026-02-24 21:37:25 | ERROR | USER 5001966771 | ERROR: Can't parse entities: can't find end of the entity starting at byte offset 405
2026-02-24 21:37:25 | ERROR | Traceback (most recent call last):
  File "C:\Users\Fireboy\AppData\Local\Python\pythoncore-3.14-64\Lib\site-packages\telegram\ext\_application.py", line 1315, in process_update
    await coroutine
  File "C:\Users\Fireboy\AppData\Local\Python\pythoncore-3.14-64\Lib\site-packages\telegram\ext\_handlers\basehandler.py", line 159, in handle_update
    return await self.callback(update, context)
           ^^^^^^^^^^^^^^^^^^^^^^^^^^^^^^^^^^^^
  File "C:\Users\Fireboy\Desktop\my_bots\handlers\castle.py", line 57, in show_castle
    await update.message.reply_text(msg, parse_mode="Markdown")
  File "C:\Users\Fireboy\AppData\Local\Python\pythoncore-3.14-64\Lib\site-packages\telegram\_message.py", line 2068, in reply_text
    return await self.get_bot().send_message(
           ^^^^^^^^^^^^^^^^^^^^^^^^^^^^^^^^^^
    ...<21 lines>...
    )
    ^
  File "C:\Users\Fireboy\AppData\Local\Python\pythoncore-3.14-64\Lib\site-packages\telegram\ext\_extbot.py", line 3115, in send_message
    return await super().send_message(
           ^^^^^^^^^^^^^^^^^^^^^^^^^^^
    ...<23 lines>...
    )
    ^
  File "C:\Users\Fireboy\AppData\Local\Python\pythoncore-3.14-64\Lib\site-packages\telegram\_bot.py", line 1122, in send_message
    return await self._send_message(
           ^^^^^^^^^^^^^^^^^^^^^^^^^
    ...<21 lines>...
    )
    ^
  File "C:\Users\Fireboy\AppData\Local\Python\pythoncore-3.14-64\Lib\site-packages\telegram\ext\_extbot.py", line 629, in _send_message
    result = await super()._send_message(
             ^^^^^^^^^^^^^^^^^^^^^^^^^^^^
    ...<23 lines>...
    )
    ^
  File "C:\Users\Fireboy\AppData\Local\Python\pythoncore-3.14-64\Lib\site-packages\telegram\_bot.py", line 819, in _send_message
    result = await self._post(
             ^^^^^^^^^^^^^^^^^
    ...<7 lines>...
    )
    ^
  File "C:\Users\Fireboy\AppData\Local\Python\pythoncore-3.14-64\Lib\site-packages\telegram\_bot.py", line 703, in _post
    return await self._do_post(
           ^^^^^^^^^^^^^^^^^^^^
    ...<6 lines>...
    )
    ^
  File "C:\Users\Fireboy\AppData\Local\Python\pythoncore-3.14-64\Lib\site-packages\telegram\ext\_extbot.py", line 369, in _do_post
    return await super()._do_post(
           ^^^^^^^^^^^^^^^^^^^^^^^
    ...<6 lines>...
    )
    ^
  File "C:\Users\Fireboy\AppData\Local\Python\pythoncore-3.14-64\Lib\site-packages\telegram\_bot.py", line 732, in _do_post
    result = await request.post(
             ^^^^^^^^^^^^^^^^^^^
    ...<6 lines>...
    )
    ^
  File "C:\Users\Fireboy\AppData\Local\Python\pythoncore-3.14-64\Lib\site-packages\telegram\request\_baserequest.py", line 198, in post
    result = await self._request_wrapper(
             ^^^^^^^^^^^^^^^^^^^^^^^^^^^^
    ...<7 lines>...
    )
    ^
  File "C:\Users\Fireboy\AppData\Local\Python\pythoncore-3.14-64\Lib\site-packages\telegram\request\_baserequest.py", line 375, in _request_wrapper
    raise exception
telegram.error.BadRequest: Can't parse entities: can't find end of the entity starting at byte offset 405

2026-02-24 21:37:25 | ERROR | Unhandled exception:
Traceback (most recent call last):
  File "C:\Users\Fireboy\AppData\Local\Python\pythoncore-3.14-64\Lib\site-packages\telegram\ext\_application.py", line 1315, in process_update
    await coroutine
  File "C:\Users\Fireboy\AppData\Local\Python\pythoncore-3.14-64\Lib\site-packages\telegram\ext\_handlers\basehandler.py", line 159, in handle_update
    return await self.callback(update, context)
           ^^^^^^^^^^^^^^^^^^^^^^^^^^^^^^^^^^^^
  File "C:\Users\Fireboy\Desktop\my_bots\handlers\castle.py", line 57, in show_castle
    await update.message.reply_text(msg, parse_mode="Markdown")
  File "C:\Users\Fireboy\AppData\Local\Python\pythoncore-3.14-64\Lib\site-packages\telegram\_message.py", line 2068, in reply_text
    return await self.get_bot().send_message(
           ^^^^^^^^^^^^^^^^^^^^^^^^^^^^^^^^^^
    ...<21 lines>...
    )
    ^
  File "C:\Users\Fireboy\AppData\Local\Python\pythoncore-3.14-64\Lib\site-packages\telegram\ext\_extbot.py", line 3115, in send_message
    return await super().send_message(
           ^^^^^^^^^^^^^^^^^^^^^^^^^^^
    ...<23 lines>...
    )
    ^
  File "C:\Users\Fireboy\AppData\Local\Python\pythoncore-3.14-64\Lib\site-packages\telegram\_bot.py", line 1122, in send_message
    return await self._send_message(
           ^^^^^^^^^^^^^^^^^^^^^^^^^
    ...<21 lines>...
    )
    ^
  File "C:\Users\Fireboy\AppData\Local\Python\pythoncore-3.14-64\Lib\site-packages\telegram\ext\_extbot.py", line 629, in _send_message
    result = await super()._send_message(
             ^^^^^^^^^^^^^^^^^^^^^^^^^^^^
    ...<23 lines>...
    )
    ^
  File "C:\Users\Fireboy\AppData\Local\Python\pythoncore-3.14-64\Lib\site-packages\telegram\_bot.py", line 819, in _send_message
    result = await self._post(
             ^^^^^^^^^^^^^^^^^
    ...<7 lines>...
    )
    ^
  File "C:\Users\Fireboy\AppData\Local\Python\pythoncore-3.14-64\Lib\site-packages\telegram\_bot.py", line 703, in _post
    return await self._do_post(
           ^^^^^^^^^^^^^^^^^^^^
    ...<6 lines>...
    )
    ^
  File "C:\Users\Fireboy\AppData\Local\Python\pythoncore-3.14-64\Lib\site-packages\telegram\ext\_extbot.py", line 369, in _do_post
    return await super()._do_post(
           ^^^^^^^^^^^^^^^^^^^^^^^
    ...<6 lines>...
    )
    ^
  File "C:\Users\Fireboy\AppData\Local\Python\pythoncore-3.14-64\Lib\site-packages\telegram\_bot.py", line 732, in _do_post
    result = await request.post(
             ^^^^^^^^^^^^^^^^^^^
    ...<6 lines>...
    )
    ^
  File "C:\Users\Fireboy\AppData\Local\Python\pythoncore-3.14-64\Lib\site-packages\telegram\request\_baserequest.py", line 198, in post
    result = await self._request_wrapper(
             ^^^^^^^^^^^^^^^^^^^^^^^^^^^^
    ...<7 lines>...
    )
    ^
  File "C:\Users\Fireboy\AppData\Local\Python\pythoncore-3.14-64\Lib\site-packages\telegram\request\_baserequest.py", line 375, in _request_wrapper
    raise exception
telegram.error.BadRequest: Can't parse entities: can't find end of the entity starting at byte offset 405
2026-02-24 21:40:06 | INFO | 🛑 Синхронный сигнал завершения (SIGINT/SIGTERM)
2026-02-24 21:40:07 | INFO | 
============================================================
2026-02-24 21:40:07 | INFO | 🛑 ПОЛУЧЕН СИГНАЛ ЗАВЕРШЕНИЯ
2026-02-24 21:40:07 | INFO | ============================================================
2026-02-24 21:40:07 | INFO | ✅ Соединение с БД закрыто
2026-02-24 21:40:07 | INFO | ✅ PlayerStorage закрыт
2026-02-24 21:40:07 | INFO | ✅ Состояние сохранено
2026-02-24 21:40:07 | INFO | 👋 До свидания! Бот остановлен корректно.
2026-02-24 21:40:07 | INFO | ============================================================
2026-02-24 21:40:10 | INFO | ============================================================
2026-02-24 21:40:10 | INFO | 🤖 БОТ ЗАПУЩЕН | 2026-02-24 18:40:10 UTC
2026-02-24 21:40:10 | INFO | ============================================================
2026-02-24 21:40:10 | INFO | ✅ Миграции применены успешно
2026-02-24 21:40:10 | INFO | ✅ База данных инициализирована: C:\Users\Fireboy\Desktop\my_bots\database\..\data\progress.db
2026-02-24 21:40:10 | INFO | ✅ PlayerStorage инициализирован: data\progress.db
2026-02-24 21:40:11 | INFO | deleteWebhook response: b'{"ok":true,"result":true,"description":"Webhook is already deleted"}'
2026-02-24 21:40:11 | INFO | 🤖 Бот запущен! База: SQLite 🗄️ | Очки: ScoreManager 💰 | Ядро: ChislyandiaEngine 🧠 | Златочёт: 🏦 | Замок: 🏰
2026-02-24 21:40:11 | INFO | 🛑 Для остановки нажмите Ctrl+C (корректное завершение)
2026-02-24 21:40:11 | INFO | 🎨 Запуск загрузки аватарок (в фоне)...
2026-02-24 21:40:11 | INFO | ✅ ScoreManager инициализирован
2026-02-24 21:40:11 | INFO | ✅ ScoreManager инициализирован
2026-02-24 21:40:11 | INFO | ✅ ChislyandiaEngine (ядро) инициализировано
2026-02-24 21:40:11 | INFO | ✅ Бот готов к работе! Аватарки грузятся в фоне...

2026-02-24 21:40:29 | INFO | USER 5001966771 | START | name='Илья'
2026-02-24 21:43:39 | INFO | USER 5001966771 | MESSAGE | text='⚙️ Мастерская' | name='Илья'
2026-02-24 21:43:43 | INFO | USER 5001966771 | MESSAGE | text='⬅️ Назад' | name='Илья'
2026-02-24 21:43:44 | INFO | USER 5001966771 | MESSAGE | text='🎒 Инвентарь' | name='Илья'
2026-02-24 21:43:46 | INFO | USER 5001966771 | MESSAGE | text='⬅️ Назад' | name='Илья'
2026-02-24 21:43:48 | INFO | USER 5001966771 | MESSAGE | text='⚔️ Боссы' | name='Илья'
2026-02-24 21:43:54 | INFO | USER 5001966771 | MESSAGE | text='⬅️ Назад' | name='Илья'
2026-02-24 21:43:55 | INFO | USER 5001966771 | MESSAGE | text='🗺️ Мир' | name='Илья'
2026-02-24 21:43:58 | INFO | USER 5001966771 | MESSAGE | text='🌀 Портал' | name='Илья'
2026-02-24 21:44:00 | INFO | USER 5001966771 | MESSAGE | text='⬅️ Назад' | name='Илья'
2026-02-24 21:44:02 | INFO | USER 5001966771 | MESSAGE | text='📊 Прогресс' | name='Илья'
2026-02-24 21:44:02 | INFO | 🔍 show_profile_and_rewards вызвана для user_id=5001966771
2026-02-24 21:44:02 | INFO | ✅ user_data получен: total_score=9234
2026-02-24 21:44:02 | INFO | ✅ Профиль успешно отправлен
2026-02-24 21:44:04 | INFO | USER 5001966771 | MESSAGE | text='🏰 Мой Замок' | name='Илья'
2026-02-24 21:44:41 | INFO | USER 5001966771 | MESSAGE | text='👤 Профиль' | name='Илья'
2026-02-24 21:44:41 | INFO | 🔍 show_profile_and_rewards вызвана для user_id=5001966771
2026-02-24 21:44:41 | INFO | ✅ user_data получен: total_score=9234
2026-02-24 21:44:41 | INFO | ✅ Профиль успешно отправлен
2026-02-24 21:45:37 | INFO | USER 5001966771 | MESSAGE | text='⬅️ Назад' | name='Илья'
2026-02-24 21:45:41 | INFO | USER 5001966771 | MESSAGE | text='🗺️ Мир' | name='Илья'
2026-02-24 21:45:44 | INFO | USER 5001966771 | MESSAGE | text='🌀 Портал' | name='Илья'
2026-02-24 21:45:46 | INFO | USER 5001966771 | MESSAGE | text='⬅️ Назад' | name='Илья'
2026-02-24 21:45:48 | INFO | USER 5001966771 | MESSAGE | text='📊 Прогресс' | name='Илья'
2026-02-24 21:45:48 | INFO | 🔍 show_profile_and_rewards вызвана для user_id=5001966771
2026-02-24 21:45:48 | INFO | ✅ user_data получен: total_score=9234
2026-02-24 21:45:49 | INFO | ✅ Профиль успешно отправлен
2026-02-24 21:46:12 | INFO | USER 5001966771 | MESSAGE | text='⬅️ Назад' | name='Илья'
2026-02-24 21:49:38 | INFO | 🛑 Синхронный сигнал завершения (SIGINT/SIGTERM)
2026-02-24 21:49:38 | INFO | 
============================================================
2026-02-24 21:49:38 | INFO | 🛑 ПОЛУЧЕН СИГНАЛ ЗАВЕРШЕНИЯ
2026-02-24 21:49:38 | INFO | ============================================================
2026-02-24 21:49:38 | INFO | ✅ Соединение с БД закрыто
2026-02-24 21:49:38 | INFO | ✅ PlayerStorage закрыт
2026-02-24 21:49:38 | INFO | ✅ Состояние сохранено
2026-02-24 21:49:38 | INFO | 👋 До свидания! Бот остановлен корректно.
2026-02-24 21:49:38 | INFO | ============================================================
2026-02-24 21:49:51 | INFO | ============================================================
2026-02-24 21:49:51 | INFO | 🤖 БОТ ЗАПУЩЕН | 2026-02-24 18:49:51 UTC
2026-02-24 21:49:51 | INFO | ============================================================
2026-02-24 21:49:51 | INFO | ✅ Миграции применены успешно
2026-02-24 21:49:51 | INFO | ✅ База данных инициализирована: C:\Users\Fireboy\Desktop\my_bots\database\..\data\progress.db
2026-02-24 21:49:51 | INFO | ✅ PlayerStorage инициализирован: data\progress.db
2026-02-24 21:49:52 | INFO | deleteWebhook response: b'{"ok":true,"result":true,"description":"Webhook is already deleted"}'
2026-02-24 21:49:52 | INFO | 🤖 Бот запущен! База: SQLite 🗄️ | Очки: ScoreManager 💰 | Ядро: ChislyandiaEngine 🧠 | Златочёт: 🏦 | Замок: 🏰
2026-02-24 21:49:52 | INFO | 🛑 Для остановки нажмите Ctrl+C (корректное завершение)
2026-02-24 21:49:53 | INFO | 🎨 Запуск загрузки аватарок (в фоне)...
2026-02-24 21:49:53 | INFO | ✅ ScoreManager инициализирован
2026-02-24 21:49:53 | INFO | ✅ ScoreManager инициализирован
2026-02-24 21:49:53 | INFO | ✅ ChislyandiaEngine (ядро) инициализировано
2026-02-24 21:49:53 | INFO | ✅ Бот готов к работе! Аватарки грузятся в фоне...

2026-02-24 21:50:07 | INFO | USER 5001966771 | START | name='Илья'
2026-02-24 21:50:07 | ERROR | USER 5001966771 | ERROR: get_persistent_keyboard() got an unexpected keyword argument 'menu'
2026-02-24 21:50:07 | ERROR | Traceback (most recent call last):
  File "C:\Users\Fireboy\AppData\Local\Python\pythoncore-3.14-64\Lib\site-packages\telegram\ext\_application.py", line 1315, in process_update
    await coroutine
  File "C:\Users\Fireboy\AppData\Local\Python\pythoncore-3.14-64\Lib\site-packages\telegram\ext\_handlers\basehandler.py", line 159, in handle_update
    return await self.callback(update, context)
           ^^^^^^^^^^^^^^^^^^^^^^^^^^^^^^^^^^^^
  File "C:\Users\Fireboy\Desktop\my_bots\handlers\commands.py", line 83, in start
    keyboard = get_persistent_keyboard(user_data, menu="main")
TypeError: get_persistent_keyboard() got an unexpected keyword argument 'menu'

2026-02-24 21:50:07 | ERROR | Unhandled exception:
Traceback (most recent call last):
  File "C:\Users\Fireboy\AppData\Local\Python\pythoncore-3.14-64\Lib\site-packages\telegram\ext\_application.py", line 1315, in process_update
    await coroutine
  File "C:\Users\Fireboy\AppData\Local\Python\pythoncore-3.14-64\Lib\site-packages\telegram\ext\_handlers\basehandler.py", line 159, in handle_update
    return await self.callback(update, context)
           ^^^^^^^^^^^^^^^^^^^^^^^^^^^^^^^^^^^^
  File "C:\Users\Fireboy\Desktop\my_bots\handlers\commands.py", line 83, in start
    keyboard = get_persistent_keyboard(user_data, menu="main")
TypeError: get_persistent_keyboard() got an unexpected keyword argument 'menu'
2026-02-24 21:51:39 | INFO | 🛑 Синхронный сигнал завершения (SIGINT/SIGTERM)
2026-02-24 21:51:42 | INFO | 
============================================================
2026-02-24 21:51:42 | INFO | 🛑 ПОЛУЧЕН СИГНАЛ ЗАВЕРШЕНИЯ
2026-02-24 21:51:42 | INFO | ============================================================
2026-02-24 21:51:42 | INFO | ✅ Соединение с БД закрыто
2026-02-24 21:51:42 | INFO | ✅ PlayerStorage закрыт
2026-02-24 21:51:42 | INFO | ✅ Состояние сохранено
2026-02-24 21:51:42 | INFO | 👋 До свидания! Бот остановлен корректно.
2026-02-24 21:51:42 | INFO | ============================================================
2026-02-24 21:51:46 | INFO | ============================================================
2026-02-24 21:51:46 | INFO | 🤖 БОТ ЗАПУЩЕН | 2026-02-24 18:51:46 UTC
2026-02-24 21:51:46 | INFO | ============================================================
2026-02-24 21:51:47 | INFO | ✅ Миграции применены успешно
2026-02-24 21:51:47 | INFO | ✅ База данных инициализирована: C:\Users\Fireboy\Desktop\my_bots\database\..\data\progress.db
2026-02-24 21:51:47 | INFO | ✅ PlayerStorage инициализирован: data\progress.db
2026-02-24 21:51:47 | INFO | deleteWebhook response: b'{"ok":true,"result":true,"description":"Webhook is already deleted"}'
2026-02-24 21:51:47 | INFO | 🤖 Бот запущен! База: SQLite 🗄️ | Очки: ScoreManager 💰 | Ядро: ChislyandiaEngine 🧠 | Златочёт: 🏦 | Замок: 🏰
2026-02-24 21:51:47 | INFO | 🛑 Для остановки нажмите Ctrl+C (корректное завершение)
2026-02-24 21:51:48 | INFO | 🎨 Запуск загрузки аватарок (в фоне)...
2026-02-24 21:51:48 | INFO | ✅ ScoreManager инициализирован
2026-02-24 21:51:48 | INFO | ✅ ScoreManager инициализирован
2026-02-24 21:51:48 | INFO | ✅ ChislyandiaEngine (ядро) инициализировано
2026-02-24 21:51:48 | INFO | ✅ Бот готов к работе! Аватарки грузятся в фоне...

2026-02-24 21:51:52 | INFO | USER 5001966771 | START | name='Илья'
2026-02-24 21:52:00 | INFO | USER 5001966771 | MESSAGE | text='🏦 Златочёт' | name='Илья'
2026-02-24 21:52:11 | INFO | USER 5001966771 | MESSAGE | text='🏰 Замок' | name='Илья'
2026-02-24 22:00:22 | INFO | 🛑 Синхронный сигнал завершения (SIGINT/SIGTERM)
2026-02-24 22:00:23 | INFO | 
============================================================
2026-02-24 22:00:23 | INFO | 🛑 ПОЛУЧЕН СИГНАЛ ЗАВЕРШЕНИЯ
2026-02-24 22:00:23 | INFO | ============================================================
2026-02-24 22:00:23 | INFO | ✅ Соединение с БД закрыто
2026-02-24 22:00:23 | INFO | ✅ PlayerStorage закрыт
2026-02-24 22:00:23 | INFO | ✅ Состояние сохранено
2026-02-24 22:00:23 | INFO | 👋 До свидания! Бот остановлен корректно.
2026-02-24 22:00:23 | INFO | ============================================================
2026-02-24 22:00:25 | INFO | ============================================================
2026-02-24 22:00:25 | INFO | 🤖 БОТ ЗАПУЩЕН | 2026-02-24 19:00:25 UTC
2026-02-24 22:00:25 | INFO | ============================================================
2026-02-24 22:00:26 | INFO | ✅ Миграции применены успешно
2026-02-24 22:00:26 | INFO | ✅ База данных инициализирована: C:\Users\Fireboy\Desktop\my_bots\database\..\data\progress.db
2026-02-24 22:00:26 | INFO | ✅ PlayerStorage инициализирован: data\progress.db
2026-02-24 22:00:26 | INFO | deleteWebhook response: b'{"ok":true,"result":true,"description":"Webhook is already deleted"}'
2026-02-24 22:00:26 | INFO | 🤖 Бот запущен! База: SQLite 🗄️ | Очки: ScoreManager 💰 | Ядро: ChislyandiaEngine 🧠 | Златочёт: 🏦 | Замок: 🏰
2026-02-24 22:00:26 | INFO | 🛑 Для остановки нажмите Ctrl+C (корректное завершение)
2026-02-24 22:00:27 | INFO | 🎨 Запуск загрузки аватарок (в фоне)...
2026-02-24 22:00:27 | INFO | ✅ ScoreManager инициализирован
2026-02-24 22:00:27 | INFO | ✅ ScoreManager инициализирован
2026-02-24 22:00:27 | INFO | ✅ ChislyandiaEngine (ядро) инициализировано
2026-02-24 22:00:27 | INFO | ✅ Бот готов к работе! Аватарки грузятся в фоне...

2026-02-24 22:00:35 | INFO | USER 5001966771 | START | name='Илья'
2026-02-24 22:00:38 | INFO | USER 5001966771 | MESSAGE | text='🏦 Златочёт' | name='Илья'
2026-02-24 22:00:41 | INFO | USER 5001966771 | MESSAGE | text='💰 Положить 100' | name='Илья'
2026-02-24 22:00:41 | INFO | 🏦 ДЕПОЗИТ СТАРТ: user_id=5001966771, amount=100
2026-02-24 22:00:41 | INFO | 📊 Баланс ДО: 6514
2026-02-24 22:00:41 | INFO | 📊 Баланс ПОСЛЕ: 6414
2026-02-24 22:00:41 | INFO | 🏦 Вклад: 0 → 100
2026-02-24 22:00:41 | INFO | ✅ bank_data обновлён через SQL для user_id=5001966771
2026-02-24 22:00:41 | INFO | 🔍 ПРОВЕРКА: после сохранения баланс в банке = 100
2026-02-24 22:00:43 | INFO | USER 5001966771 | MESSAGE | text='💰 Положить 500' | name='Илья'
2026-02-24 22:00:43 | INFO | 🏦 ДЕПОЗИТ СТАРТ: user_id=5001966771, amount=500
2026-02-24 22:00:43 | INFO | 📊 Баланс ДО: 6414
2026-02-24 22:00:43 | INFO | 📊 Баланс ПОСЛЕ: 5914
2026-02-24 22:00:43 | INFO | 🏦 Вклад: 0 → 500
2026-02-24 22:00:43 | INFO | ✅ bank_data обновлён через SQL для user_id=5001966771
2026-02-24 22:00:43 | INFO | 🔍 ПРОВЕРКА: после сохранения баланс в банке = 500
2026-02-24 22:00:45 | INFO | USER 5001966771 | MESSAGE | text='💰 Положить 1000' | name='Илья'
2026-02-24 22:00:45 | INFO | 🏦 ДЕПОЗИТ СТАРТ: user_id=5001966771, amount=1000
2026-02-24 22:00:45 | INFO | 📊 Баланс ДО: 5914
2026-02-24 22:00:45 | INFO | 📊 Баланс ПОСЛЕ: 4914
2026-02-24 22:00:45 | INFO | 🏦 Вклад: 0 → 1000
2026-02-24 22:00:45 | INFO | ✅ bank_data обновлён через SQL для user_id=5001966771
2026-02-24 22:00:45 | INFO | 🔍 ПРОВЕРКА: после сохранения баланс в банке = 1000
2026-02-24 22:00:48 | INFO | USER 5001966771 | MESSAGE | text='💸 Забрать всё' | name='Илья'
2026-02-24 22:00:48 | INFO | 🏦 СНЯТИЕ СТАРТ: user_id=5001966771
2026-02-24 22:00:48 | INFO | 📊 Вклад в банке: 1000
2026-02-24 22:00:48 | INFO | 📊 Баланс после снятия: 5914
2026-02-24 22:00:48 | INFO | ✅ bank_data обновлён через SQL для user_id=5001966771
2026-02-24 22:00:48 | INFO | 🔍 ПРОВЕРКА: после снятия баланс в банке = 0
2026-02-24 22:00:51 | INFO | USER 5001966771 | MESSAGE | text='🏰 Замок' | name='Илья'
2026-02-24 22:00:54 | INFO | USER 5001966771 | MESSAGE | text='💰 Оплатить 1 день' | name='Илья'
2026-02-24 22:00:56 | INFO | USER 5001966771 | MESSAGE | text='💰 Оплатить 7 дней' | name='Илья'
2026-02-24 22:00:58 | INFO | USER 5001966771 | MESSAGE | text='💰 Оплатить 30 дней' | name='Илья'
2026-02-24 22:01:00 | INFO | USER 5001966771 | MESSAGE | text='⬅️ Назад' | name='Илья'
2026-02-24 22:02:47 | INFO | USER 5001966771 | MESSAGE | text='🎮 Играть' | name='Илья'
2026-02-24 22:02:50 | INFO | USER 5001966771 | MESSAGE | text='🎒 Инвентарь' | name='Илья'
2026-02-24 22:02:54 | INFO | USER 5001966771 | MESSAGE | text='⬅️ Назад' | name='Илья'
2026-02-24 22:02:56 | INFO | USER 5001966771 | MESSAGE | text='👤 Профиль' | name='Илья'
2026-02-24 22:02:56 | INFO | 🔍 show_profile_and_rewards вызвана для user_id=5001966771
2026-02-24 22:02:56 | INFO | ✅ user_data получен: total_score=9234
2026-02-24 22:02:56 | INFO | ✅ Профиль успешно отправлен
2026-02-24 22:02:59 | INFO | USER 5001966771 | MESSAGE | text='⬅️ Назад' | name='Илья'
2026-02-24 22:03:01 | INFO | USER 5001966771 | MESSAGE | text='🛒 Магазин' | name='Илья'
2026-02-24 22:03:09 | INFO | USER 5001966771 | MESSAGE | text='👤 Профиль' | name='Илья'
2026-02-24 22:03:09 | INFO | 🔍 show_profile_and_rewards вызвана для user_id=5001966771
2026-02-24 22:03:09 | INFO | ✅ user_data получен: total_score=9234
2026-02-24 22:03:10 | INFO | ✅ Профиль успешно отправлен
2026-02-24 22:03:13 | INFO | USER 5001966771 | MESSAGE | text='⬅️ Назад' | name='Илья'
2026-02-24 22:03:14 | INFO | USER 5001966771 | MESSAGE | text='🎒 Инвентарь' | name='Илья'
2026-02-24 22:03:17 | INFO | USER 5001966771 | MESSAGE | text='⬅️ Назад' | name='Илья'
2026-02-24 22:22:38 | INFO | USER 5001966771 | MESSAGE | text='🎮 Играть' | name='Илья'
2026-02-24 22:23:36 | INFO | USER 5001966771 | MESSAGE | text='❓ Помощь' | name='Илья'
2026-02-24 22:23:41 | INFO | USER 5001966771 | MESSAGE | text='🛒 Магазин' | name='Илья'
2026-02-24 22:25:36 | INFO | 🛑 Синхронный сигнал завершения (SIGINT/SIGTERM)
2026-02-24 22:25:40 | INFO | 
============================================================
2026-02-24 22:25:40 | INFO | 🛑 ПОЛУЧЕН СИГНАЛ ЗАВЕРШЕНИЯ
2026-02-24 22:25:40 | INFO | ============================================================
2026-02-24 22:25:40 | INFO | ✅ Соединение с БД закрыто
2026-02-24 22:25:40 | INFO | ✅ PlayerStorage закрыт
2026-02-24 22:25:40 | INFO | ✅ Состояние сохранено
2026-02-24 22:25:40 | INFO | 👋 До свидания! Бот остановлен корректно.
2026-02-24 22:25:40 | INFO | ============================================================
2026-02-24 22:25:45 | INFO | ============================================================
2026-02-24 22:25:45 | INFO | 🤖 БОТ ЗАПУЩЕН | 2026-02-24 19:25:45 UTC
2026-02-24 22:25:45 | INFO | ============================================================
2026-02-24 22:25:46 | INFO | ✅ Миграции применены успешно
2026-02-24 22:25:46 | INFO | ✅ База данных инициализирована: C:\Users\Fireboy\Desktop\my_bots\database\..\data\progress.db
2026-02-24 22:25:46 | INFO | ✅ PlayerStorage инициализирован: data\progress.db
2026-02-24 22:25:46 | INFO | deleteWebhook response: b'{"ok":true,"result":true,"description":"Webhook is already deleted"}'
2026-02-24 22:25:46 | INFO | 🤖 Бот запущен! База: SQLite 🗄️ | Очки: ScoreManager 💰 | Ядро: ChislyandiaEngine 🧠 | Златочёт: 🏦 | Замок: 🏰
2026-02-24 22:25:46 | INFO | 🛑 Для остановки нажмите Ctrl+C (корректное завершение)
2026-02-24 22:25:47 | INFO | 🎨 Запуск загрузки аватарок (в фоне)...
2026-02-24 22:25:47 | INFO | ✅ ScoreManager инициализирован
2026-02-24 22:25:47 | INFO | ✅ ScoreManager инициализирован
2026-02-24 22:25:47 | INFO | ✅ ChislyandiaEngine (ядро) инициализировано
2026-02-24 22:25:47 | INFO | ✅ Бот готов к работе! Аватарки грузятся в фоне...

2026-02-24 22:25:59 | INFO | USER 5001966771 | START | name='Илья'
2026-02-24 22:26:03 | INFO | USER 5001966771 | MESSAGE | text='🎮 Играть' | name='Илья'
2026-02-24 22:28:27 | INFO | 🛑 Синхронный сигнал завершения (SIGINT/SIGTERM)
2026-02-24 22:28:31 | INFO | 
============================================================
2026-02-24 22:28:31 | INFO | 🛑 ПОЛУЧЕН СИГНАЛ ЗАВЕРШЕНИЯ
2026-02-24 22:28:31 | INFO | ============================================================
2026-02-24 22:28:31 | INFO | ✅ Соединение с БД закрыто
2026-02-24 22:28:31 | INFO | ✅ PlayerStorage закрыт
2026-02-24 22:28:31 | INFO | ✅ Состояние сохранено
2026-02-24 22:28:31 | INFO | 👋 До свидания! Бот остановлен корректно.
2026-02-24 22:28:31 | INFO | ============================================================
2026-02-24 22:30:43 | INFO | ============================================================
2026-02-24 22:30:43 | INFO | 🤖 БОТ ЗАПУЩЕН | 2026-02-24 19:30:43 UTC
2026-02-24 22:30:43 | INFO | ============================================================
2026-02-24 22:30:44 | INFO | ✅ Миграции применены успешно
2026-02-24 22:30:44 | INFO | ✅ База данных инициализирована: C:\Users\Fireboy\Desktop\my_bots\database\..\data\progress.db
2026-02-24 22:30:44 | INFO | ✅ PlayerStorage инициализирован: data\progress.db
2026-02-24 22:30:44 | INFO | deleteWebhook response: b'{"ok":true,"result":true,"description":"Webhook is already deleted"}'
2026-02-24 22:30:44 | INFO | 🤖 Бот запущен! База: SQLite 🗄️ | Очки: ScoreManager 💰 | Ядро: ChislyandiaEngine 🧠 | Златочёт: 🏦 | Замок: 🏰
2026-02-24 22:30:44 | INFO | 🛑 Для остановки нажмите Ctrl+C (корректное завершение)
2026-02-24 22:30:45 | INFO | 🎨 Запуск загрузки аватарок (в фоне)...
2026-02-24 22:30:45 | INFO | ✅ ScoreManager инициализирован
2026-02-24 22:30:45 | INFO | ✅ ScoreManager инициализирован
2026-02-24 22:30:45 | INFO | ✅ ChislyandiaEngine (ядро) инициализировано
2026-02-24 22:30:45 | INFO | ✅ Бот готов к работе! Аватарки грузятся в фоне...

2026-02-24 22:30:55 | INFO | USER 5001966771 | START | name='Илья'
2026-02-24 22:30:59 | INFO | USER 5001966771 | MESSAGE | text='🎮 Играть' | name='Илья'
2026-02-24 22:31:04 | INFO | USER 5001966771 | MESSAGE | text='🏝️ Острова' | name='Илья'
2026-02-24 22:31:10 | INFO | USER 5001966771 | MESSAGE | text='🎮 Играть' | name='Илья'
2026-02-24 22:31:12 | INFO | USER 5001966771 | MESSAGE | text='🗺️ Миры' | name='Илья'
2026-02-24 22:31:15 | INFO | USER 5001966771 | MESSAGE | text='🎮 Играть' | name='Илья'
2026-02-24 22:31:16 | INFO | USER 5001966771 | MESSAGE | text='⚔️ Боссы' | name='Илья'
2026-02-24 22:33:35 | INFO | 🛑 Синхронный сигнал завершения (SIGINT/SIGTERM)
2026-02-24 22:33:35 | INFO | 
============================================================
2026-02-24 22:33:35 | INFO | 🛑 ПОЛУЧЕН СИГНАЛ ЗАВЕРШЕНИЯ
2026-02-24 22:33:35 | INFO | ============================================================
2026-02-24 22:33:35 | INFO | ✅ Соединение с БД закрыто
2026-02-24 22:33:35 | INFO | ✅ PlayerStorage закрыт
2026-02-24 22:33:35 | INFO | ✅ Состояние сохранено
2026-02-24 22:33:35 | INFO | 👋 До свидания! Бот остановлен корректно.
2026-02-24 22:33:35 | INFO | ============================================================
2026-02-24 22:33:37 | INFO | ============================================================
2026-02-24 22:33:37 | INFO | 🤖 БОТ ЗАПУЩЕН | 2026-02-24 19:33:37 UTC
2026-02-24 22:33:37 | INFO | ============================================================
2026-02-24 22:33:38 | INFO | ✅ Миграции применены успешно
2026-02-24 22:33:38 | INFO | ✅ База данных инициализирована: C:\Users\Fireboy\Desktop\my_bots\database\..\data\progress.db
2026-02-24 22:33:38 | INFO | ✅ PlayerStorage инициализирован: data\progress.db
2026-02-24 22:33:38 | INFO | deleteWebhook response: b'{"ok":true,"result":true,"description":"Webhook is already deleted"}'
2026-02-24 22:33:38 | INFO | 🤖 Бот запущен! База: SQLite 🗄️ | Очки: ScoreManager 💰 | Ядро: ChislyandiaEngine 🧠 | Златочёт: 🏦 | Замок: 🏰
2026-02-24 22:33:38 | INFO | 🛑 Для остановки нажмите Ctrl+C (корректное завершение)
2026-02-24 22:33:39 | INFO | 🎨 Запуск загрузки аватарок (в фоне)...
2026-02-24 22:33:39 | INFO | ✅ ScoreManager инициализирован
2026-02-24 22:33:39 | INFO | ✅ ScoreManager инициализирован
2026-02-24 22:33:39 | INFO | ✅ ChislyandiaEngine (ядро) инициализировано
2026-02-24 22:33:39 | INFO | ✅ Бот готов к работе! Аватарки грузятся в фоне...

2026-02-24 22:33:55 | INFO | USER 5001966771 | START | name='Илья'
2026-02-24 22:33:58 | INFO | USER 5001966771 | MESSAGE | text='🎮 Играть' | name='Илья'
2026-02-24 22:34:00 | INFO | USER 5001966771 | MESSAGE | text='🏝️ Острова' | name='Илья'
2026-02-24 22:34:06 | INFO | USER 5001966771 | MESSAGE | text='🎮 Играть' | name='Илья'
2026-02-24 22:34:08 | INFO | USER 5001966771 | MESSAGE | text='⚔️ Боссы' | name='Илья'
2026-02-24 22:34:12 | INFO | USER 5001966771 | MESSAGE | text='🎮 Играть' | name='Илья'
2026-02-24 22:34:14 | INFO | USER 5001966771 | MESSAGE | text='🗺️ Миры' | name='Илья'
2026-02-24 22:37:23 | INFO | 🛑 Синхронный сигнал завершения (SIGINT/SIGTERM)
2026-02-24 22:37:23 | INFO | 
============================================================
2026-02-24 22:37:23 | INFO | 🛑 ПОЛУЧЕН СИГНАЛ ЗАВЕРШЕНИЯ
2026-02-24 22:37:23 | INFO | ============================================================
2026-02-24 22:37:23 | INFO | ✅ Соединение с БД закрыто
2026-02-24 22:37:23 | INFO | ✅ PlayerStorage закрыт
2026-02-24 22:37:23 | INFO | ✅ Состояние сохранено
2026-02-24 22:37:23 | INFO | 👋 До свидания! Бот остановлен корректно.
2026-02-24 22:37:23 | INFO | ============================================================
2026-02-24 22:37:25 | INFO | ============================================================
2026-02-24 22:37:25 | INFO | 🤖 БОТ ЗАПУЩЕН | 2026-02-24 19:37:25 UTC
2026-02-24 22:37:25 | INFO | ============================================================
2026-02-24 22:37:26 | INFO | ✅ Миграции применены успешно
2026-02-24 22:37:26 | INFO | ✅ База данных инициализирована: C:\Users\Fireboy\Desktop\my_bots\database\..\data\progress.db
2026-02-24 22:37:26 | INFO | ✅ PlayerStorage инициализирован: data\progress.db
2026-02-24 22:37:26 | INFO | deleteWebhook response: b'{"ok":true,"result":true,"description":"Webhook is already deleted"}'
2026-02-24 22:37:26 | INFO | 🤖 Бот запущен! База: SQLite 🗄️ | Очки: ScoreManager 💰 | Ядро: ChislyandiaEngine 🧠 | Златочёт: 🏦 | Замок: 🏰
2026-02-24 22:37:26 | INFO | 🛑 Для остановки нажмите Ctrl+C (корректное завершение)
2026-02-24 22:37:27 | INFO | 🎨 Запуск загрузки аватарок (в фоне)...
2026-02-24 22:37:27 | INFO | ✅ ScoreManager инициализирован
2026-02-24 22:37:27 | INFO | ✅ ScoreManager инициализирован
2026-02-24 22:37:27 | INFO | ✅ ChislyandiaEngine (ядро) инициализировано
2026-02-24 22:37:27 | INFO | ✅ Бот готов к работе! Аватарки грузятся в фоне...

2026-02-24 22:37:36 | INFO | USER 5001966771 | START | name='Илья'
2026-02-24 22:37:37 | INFO | USER 5001966771 | MESSAGE | text='🎮 Играть' | name='Илья'
2026-02-24 22:37:39 | INFO | USER 5001966771 | MESSAGE | text='🏝️ Острова' | name='Илья'
2026-02-24 22:37:40 | INFO | USER 5001966771 | MESSAGE | text='➕ Сложение' | name='Илья'
2026-02-24 22:37:42 | INFO | USER 5001966771 | ENTER_LEVEL | level=addition
2026-02-24 22:41:01 | INFO | 🛑 Синхронный сигнал завершения (SIGINT/SIGTERM)
2026-02-24 22:41:01 | INFO | 
============================================================
2026-02-24 22:41:01 | INFO | 🛑 ПОЛУЧЕН СИГНАЛ ЗАВЕРШЕНИЯ
2026-02-24 22:41:01 | INFO | ============================================================
2026-02-24 22:41:01 | INFO | ✅ Соединение с БД закрыто
2026-02-24 22:41:01 | INFO | ✅ PlayerStorage закрыт
2026-02-24 22:41:01 | INFO | ✅ Состояние сохранено
2026-02-24 22:41:01 | INFO | 👋 До свидания! Бот остановлен корректно.
2026-02-24 22:41:01 | INFO | ============================================================
2026-02-24 23:01:51 | INFO | ============================================================
2026-02-24 23:01:51 | INFO | 🤖 БОТ ЗАПУЩЕН | 2026-02-24 20:01:51 UTC
2026-02-24 23:01:51 | INFO | ============================================================
2026-02-24 23:01:52 | INFO | ✅ Миграции применены успешно
2026-02-24 23:01:52 | INFO | ✅ База данных инициализирована: C:\Users\Fireboy\Desktop\my_bots\database\..\data\progress.db
2026-02-24 23:01:52 | INFO | ✅ PlayerStorage инициализирован: data\progress.db
2026-02-24 23:01:52 | INFO | deleteWebhook response: b'{"ok":true,"result":true,"description":"Webhook is already deleted"}'
2026-02-24 23:01:52 | INFO | 🤖 Бот запущен! База: SQLite 🗄️ | Очки: ScoreManager 💰 | Ядро: ChislyandiaEngine 🧠 | Златочёт: 🏦 | Замок: 🏰
2026-02-24 23:01:52 | INFO | 🛑 Для остановки нажмите Ctrl+C (корректное завершение)
2026-02-24 23:01:53 | INFO | 🎨 Запуск загрузки аватарок (в фоне)...
2026-02-24 23:01:53 | INFO | ✅ ScoreManager инициализирован
2026-02-24 23:01:53 | INFO | ✅ ScoreManager инициализирован
2026-02-24 23:01:53 | INFO | ✅ ChislyandiaEngine (ядро) инициализировано
2026-02-24 23:01:53 | INFO | ✅ Бот готов к работе! Аватарки грузятся в фоне...

2026-02-24 23:01:59 | INFO | USER 5001966771 | START | name='Илья'
2026-02-24 23:02:01 | INFO | USER 5001966771 | MESSAGE | text='🎮 Играть' | name='Илья'
2026-02-24 23:02:05 | INFO | USER 5001966771 | MESSAGE | text='⬅️ Назад' | name='Илья'
2026-02-24 23:02:07 | INFO | USER 5001966771 | MESSAGE | text='🎮 Играть' | name='Илья'
2026-02-24 23:02:09 | INFO | USER 5001966771 | MESSAGE | text='🏝️ Острова' | name='Илья'
2026-02-24 23:02:10 | INFO | USER 5001966771 | MESSAGE | text='➕ Сложение' | name='Илья'
2026-02-24 23:02:13 | INFO | USER 5001966771 | ENTER_LEVEL | level=addition
2026-02-24 23:02:15 | INFO | USER 5001966771 | MESSAGE | text='⬅️ Назад' | name='Илья'
2026-02-24 23:02:17 | INFO | USER 5001966771 | MESSAGE | text='❓ Помощь' | name='Илья'
2026-02-24 23:02:58 | INFO | USER 5001966771 | MESSAGE | text='🏦 Златочёт' | name='Илья'
2026-02-24 23:03:04 | INFO | USER 5001966771 | MESSAGE | text='⬅️ Назад' | name='Илья'
2026-02-24 23:03:06 | INFO | USER 5001966771 | MESSAGE | text='🏰 Замок' | name='Илья'
2026-02-24 23:03:17 | INFO | USER 5001966771 | MESSAGE | text='💰 Оплатить 1 день' | name='Илья'
2026-02-24 23:04:01 | INFO | USER 5001966771 | MESSAGE | text='⬅️ Назад' | name='Илья'
2026-02-24 23:04:04 | INFO | USER 5001966771 | MESSAGE | text='🎮 Играть' | name='Илья'
2026-02-24 23:04:07 | INFO | USER 5001966771 | MESSAGE | text='🏝️ Острова' | name='Илья'
2026-02-24 23:04:10 | INFO | USER 5001966771 | MESSAGE | text='⬅️ Назад' | name='Илья'
2026-02-24 23:04:14 | INFO | USER 5001966771 | MESSAGE | text='🎒 Инвентарь' | name='Илья'
2026-02-24 23:04:17 | INFO | USER 5001966771 | MESSAGE | text='🛒 Магазин' | name='Илья'
2026-02-24 23:04:23 | INFO | USER 5001966771 | MESSAGE | text='⚗️ Алхимия' | name='Илья'
2026-02-24 23:04:33 | INFO | USER 5001966771 | MESSAGE | text='⬅️ Назад' | name='Илья'
2026-02-24 23:04:35 | INFO | USER 5001966771 | MESSAGE | text='👤 Профиль' | name='Илья'
2026-02-24 23:04:35 | INFO | 🔍 show_profile_and_rewards вызвана для user_id=5001966771
2026-02-24 23:04:35 | INFO | ✅ user_data получен: total_score=9234
2026-02-24 23:04:35 | INFO | ✅ Профиль успешно отправлен
2026-02-24 23:04:49 | INFO | USER 5001966771 | MESSAGE | text='🏰 Мой Замок' | name='Илья'
2026-02-24 23:05:02 | INFO | USER 5001966771 | MESSAGE | text='⬅️ Назад' | name='Илья'
2026-02-24 23:05:59 | INFO | 🛑 Синхронный сигнал завершения (SIGINT/SIGTERM)
2026-02-24 23:05:59 | INFO | 
============================================================
2026-02-24 23:05:59 | INFO | 🛑 ПОЛУЧЕН СИГНАЛ ЗАВЕРШЕНИЯ
2026-02-24 23:05:59 | INFO | ============================================================
2026-02-24 23:05:59 | INFO | ✅ Соединение с БД закрыто
2026-02-24 23:05:59 | INFO | ✅ PlayerStorage закрыт
2026-02-24 23:05:59 | INFO | ✅ Состояние сохранено
2026-02-24 23:05:59 | INFO | 👋 До свидания! Бот остановлен корректно.
2026-02-24 23:05:59 | INFO | ============================================================
2026-02-24 23:06:08 | INFO | ============================================================
2026-02-24 23:06:08 | INFO | 🤖 БОТ ЗАПУЩЕН | 2026-02-24 20:06:08 UTC
2026-02-24 23:06:08 | INFO | ============================================================
2026-02-24 23:06:09 | INFO | ✅ Миграции применены успешно
2026-02-24 23:06:09 | INFO | ✅ База данных инициализирована: C:\Users\Fireboy\Desktop\my_bots\database\..\data\progress.db
2026-02-24 23:06:09 | INFO | ✅ PlayerStorage инициализирован: data\progress.db
2026-02-24 23:06:09 | INFO | deleteWebhook response: b'{"ok":true,"result":true,"description":"Webhook is already deleted"}'
2026-02-24 23:06:09 | INFO | 🤖 Бот запущен! База: SQLite 🗄️ | Очки: ScoreManager 💰 | Ядро: ChislyandiaEngine 🧠 | Златочёт: 🏦 | Замок: 🏰
2026-02-24 23:06:09 | INFO | 🛑 Для остановки нажмите Ctrl+C (корректное завершение)
2026-02-24 23:06:10 | INFO | 🎨 Запуск загрузки аватарок (в фоне)...
2026-02-24 23:06:10 | INFO | ✅ ScoreManager инициализирован
2026-02-24 23:06:10 | INFO | ✅ ScoreManager инициализирован
2026-02-24 23:06:10 | INFO | ✅ ChislyandiaEngine (ядро) инициализировано
2026-02-24 23:06:10 | INFO | ✅ Бот готов к работе! Аватарки грузятся в фоне...

2026-02-24 23:06:16 | INFO | USER 5001966771 | START | name='Илья'
2026-02-24 23:06:18 | INFO | USER 5001966771 | MESSAGE | text='❓ Помощь' | name='Илья'
2026-02-24 23:29:35 | INFO | 🛑 Синхронный сигнал завершения (SIGINT/SIGTERM)
2026-02-24 23:29:35 | INFO | 
============================================================
2026-02-24 23:29:35 | INFO | 🛑 ПОЛУЧЕН СИГНАЛ ЗАВЕРШЕНИЯ
2026-02-24 23:29:35 | INFO | ============================================================
2026-02-24 23:29:35 | INFO | ✅ Соединение с БД закрыто
2026-02-24 23:29:35 | INFO | ✅ PlayerStorage закрыт
2026-02-24 23:29:35 | INFO | ✅ Состояние сохранено
2026-02-24 23:29:35 | INFO | 👋 До свидания! Бот остановлен корректно.
2026-02-24 23:29:35 | INFO | ============================================================
