2026-02-21 10:21:51 | INFO | ============================================================
2026-02-21 10:21:51 | INFO | 🤖 БОТ ЗАПУЩЕН
2026-02-21 10:21:51 | INFO | ============================================================
2026-02-21 10:21:53 | INFO | deleteWebhook response: b'{"ok":true,"result":true,"description":"Webhook is already deleted"}'
2026-02-21 10:22:49 | ERROR | Ошибка отправки аватарки manunya.jpg: Timed out
2026-02-21 10:22:56 | ERROR | Ошибка отправки аватарки georgy.jpg: Timed out
2026-02-21 10:27:01 | INFO | USER 5001966771 | MESSAGE | text='📊 Прогресс' | name='Илья'
2026-02-21 10:35:54 | INFO | ============================================================
2026-02-21 10:35:54 | INFO | 🤖 БОТ ЗАПУЩЕН
2026-02-21 10:35:54 | INFO | ============================================================
2026-02-21 10:35:55 | INFO | deleteWebhook response: b'{"ok":true,"result":true,"description":"Webhook is already deleted"}'
2026-02-21 10:36:23 | ERROR | Ошибка отправки аватарки manunya.jpg: Timed out
2026-02-21 10:36:50 | INFO | USER 5001966771 | MESSAGE | text='📊 Прогресс' | name='Илья'
2026-02-21 10:44:07 | INFO | ============================================================
2026-02-21 10:44:07 | INFO | 🤖 БОТ ЗАПУЩЕН
2026-02-21 10:44:07 | INFO | ============================================================
2026-02-21 10:44:09 | INFO | deleteWebhook response: b'{"ok":true,"result":true,"description":"Webhook is already deleted"}'
2026-02-21 10:44:29 | ERROR | Ошибка отправки аватарки manunya.jpg: Timed out
2026-02-21 10:44:49 | INFO | USER 5001966771 | MESSAGE | text='📊 Прогресс' | name='Илья'
2026-02-21 10:50:00 | INFO | ============================================================
2026-02-21 10:50:00 | INFO | 🤖 БОТ ЗАПУЩЕН
2026-02-21 10:50:00 | INFO | ============================================================
2026-02-21 10:50:01 | INFO | deleteWebhook response: b'{"ok":true,"result":true,"description":"Webhook is already deleted"}'
2026-02-21 10:50:37 | ERROR | Ошибка отправки аватарки manunya.jpg: Timed out
2026-02-21 10:50:44 | ERROR | Ошибка отправки аватарки georgy.jpg: Timed out
2026-02-21 10:50:52 | INFO | USER 5001966771 | MESSAGE | text='📊 Прогресс' | name='Илья'
2026-02-21 11:28:19 | INFO | ============================================================
2026-02-21 11:28:19 | INFO | 🤖 БОТ ЗАПУЩЕН
2026-02-21 11:28:19 | INFO | ============================================================
2026-02-21 11:28:20 | INFO | deleteWebhook response: b'{"ok":true,"result":true,"description":"Webhook is already deleted"}'
2026-02-21 11:36:28 | ERROR | Ошибка отправки аватарки manunya.jpg: Timed out
2026-02-21 11:36:35 | ERROR | Ошибка отправки аватарки georgy.jpg: Timed out
2026-02-21 11:36:41 | INFO | USER 5001966771 | MESSAGE | text='📊 Прогресс' | name='Илья'
2026-02-21 12:14:23 | INFO | ============================================================
2026-02-21 12:14:23 | INFO | 🤖 БОТ ЗАПУЩЕН
2026-02-21 12:14:23 | INFO | ============================================================
2026-02-21 12:23:51 | INFO | ============================================================
2026-02-21 12:23:51 | INFO | 🤖 БОТ ЗАПУЩЕН
2026-02-21 12:23:51 | INFO | ============================================================
2026-02-21 12:23:53 | INFO | deleteWebhook response: b'{"ok":true,"result":true,"description":"Webhook is already deleted"}'
2026-02-21 14:25:42 | INFO | USER 5001966771 | MESSAGE | text='🏰 Мой Замок' | name='Илья'
2026-02-21 14:25:43 | INFO | USER 5001966771 | MESSAGE | text='⬅️ Назад' | name='Илья'
2026-02-21 14:25:43 | INFO | USER 5001966771 | MESSAGE | text='🏆 Достижения' | name='Илья'
2026-02-21 18:51:40 | INFO | ============================================================
2026-02-21 18:51:40 | INFO | 🤖 БОТ ЗАПУЩЕН
2026-02-21 18:51:40 | INFO | ============================================================
2026-02-21 18:51:42 | INFO | deleteWebhook response: b'{"ok":true,"result":true,"description":"Webhook is already deleted"}'
2026-02-21 18:56:14 | INFO | ============================================================
2026-02-21 18:56:14 | INFO | 🤖 БОТ ЗАПУЩЕН
2026-02-21 18:56:14 | INFO | ============================================================
2026-02-21 18:56:15 | INFO | deleteWebhook response: b'{"ok":true,"result":true,"description":"Webhook is already deleted"}'
2026-02-21 18:57:52 | INFO | USER 5001966771 | MESSAGE | text='⬅️ Назад' | name='Илья'
2026-02-21 19:14:52 | INFO | ============================================================
2026-02-21 19:14:52 | INFO | 🤖 БОТ ЗАПУЩЕН
2026-02-21 19:14:52 | INFO | ============================================================
2026-02-21 19:14:54 | INFO | deleteWebhook response: b'{"ok":true,"result":true,"description":"Webhook is already deleted"}'
2026-02-21 20:34:20 | INFO | ============================================================
2026-02-21 20:34:20 | INFO | 🤖 БОТ ЗАПУЩЕН
2026-02-21 20:34:20 | INFO | ============================================================
2026-02-21 20:34:21 | INFO | deleteWebhook response: b'{"ok":true,"result":true,"description":"Webhook is already deleted"}'
2026-02-21 20:44:58 | INFO | ============================================================
2026-02-21 20:44:58 | INFO | 🤖 БОТ ЗАПУЩЕН
2026-02-21 20:44:58 | INFO | ============================================================
2026-02-21 20:44:59 | INFO | deleteWebhook response: b'{"ok":true,"result":true,"description":"Webhook is already deleted"}'
2026-02-21 20:47:26 | INFO | ============================================================
2026-02-21 20:47:26 | INFO | 🤖 БОТ ЗАПУЩЕН
2026-02-21 20:47:26 | INFO | ============================================================
2026-02-21 20:47:28 | INFO | deleteWebhook response: b'{"ok":true,"result":true,"description":"Webhook is already deleted"}'
2026-02-21 20:55:04 | INFO | USER 5001966771 | MESSAGE | text='📊 Прогресс' | name='Илья'
2026-02-21 20:55:16 | INFO | USER 5001966771 | MESSAGE | text='🏆 Достижения' | name='Илья'
2026-02-21 20:55:37 | INFO | USER 5001966771 | MESSAGE | text='🏰 Мой Замок' | name='Илья'
2026-02-21 20:57:31 | INFO | USER 5001966771 | MESSAGE | text='⬅️ Назад' | name='Илья'
2026-02-21 21:00:50 | INFO | ============================================================
2026-02-21 21:00:50 | INFO | 🤖 БОТ ЗАПУЩЕН
2026-02-21 21:00:50 | INFO | ============================================================
2026-02-21 21:00:51 | INFO | deleteWebhook response: b'{"ok":true,"result":true,"description":"Webhook is already deleted"}'
2026-02-21 21:12:05 | INFO | ============================================================
2026-02-21 21:12:05 | INFO | 🤖 БОТ ЗАПУЩЕН
2026-02-21 21:12:05 | INFO | ============================================================
2026-02-21 21:12:06 | INFO | deleteWebhook response: b'{"ok":true,"result":true,"description":"Webhook is already deleted"}'
2026-02-21 21:12:35 | INFO | ============================================================
2026-02-21 21:12:35 | INFO | 🤖 БОТ ЗАПУЩЕН
2026-02-21 21:12:35 | INFO | ============================================================
2026-02-21 21:12:36 | INFO | deleteWebhook response: b'{"ok":true,"result":true,"description":"Webhook is already deleted"}'
2026-02-21 21:27:57 | INFO | ============================================================
2026-02-21 21:27:57 | INFO | 🤖 БОТ ЗАПУЩЕН
2026-02-21 21:27:57 | INFO | ============================================================
2026-02-21 21:27:59 | INFO | deleteWebhook response: b'{"ok":true,"result":true,"description":"Webhook is already deleted"}'
2026-02-21 21:38:57 | INFO | ============================================================
2026-02-21 21:38:57 | INFO | 🤖 БОТ ЗАПУЩЕН
2026-02-21 21:38:57 | INFO | ============================================================
2026-02-21 21:38:58 | INFO | deleteWebhook response: b'{"ok":true,"result":true,"description":"Webhook is already deleted"}'
2026-02-21 21:46:20 | INFO | ============================================================
2026-02-21 21:46:20 | INFO | 🤖 БОТ ЗАПУЩЕН
2026-02-21 21:46:20 | INFO | ============================================================
2026-02-21 21:46:21 | INFO | deleteWebhook response: b'{"ok":true,"result":true,"description":"Webhook is already deleted"}'
2026-02-21 22:43:46 | INFO | ============================================================
2026-02-21 22:43:46 | INFO | 🤖 БОТ ЗАПУЩЕН
2026-02-21 22:43:46 | INFO | ============================================================
2026-02-21 22:43:48 | INFO | deleteWebhook response: b'{"ok":true,"result":true,"description":"Webhook is already deleted"}'
2026-02-21 22:55:20 | INFO | ============================================================
2026-02-21 22:55:20 | INFO | 🤖 БОТ ЗАПУЩЕН
2026-02-21 22:55:20 | INFO | ============================================================
2026-02-21 22:55:21 | INFO | deleteWebhook response: b'{"ok":true,"result":true,"description":"Webhook is already deleted"}'
2026-02-21 23:04:40 | INFO | ============================================================
2026-02-21 23:04:40 | INFO | 🤖 БОТ ЗАПУЩЕН
2026-02-21 23:04:40 | INFO | ============================================================
2026-02-21 23:04:42 | INFO | deleteWebhook response: b'{"ok":true,"result":true,"description":"Webhook is already deleted"}'
2026-02-21 23:36:41 | INFO | ============================================================
2026-02-21 23:36:41 | INFO | 🤖 БОТ ЗАПУЩЕН
2026-02-21 23:36:41 | INFO | ============================================================
2026-02-21 23:36:42 | INFO | deleteWebhook response: b'{"ok":true,"result":true,"description":"Webhook is already deleted"}'
2026-02-21 23:47:25 | INFO | ============================================================
2026-02-21 23:47:25 | INFO | 🤖 БОТ ЗАПУЩЕН
2026-02-21 23:47:25 | INFO | ============================================================
2026-02-21 23:47:26 | INFO | deleteWebhook response: b'{"ok":true,"result":true,"description":"Webhook is already deleted"}'
2026-02-21 23:48:56 | ERROR | Task was destroyed but it is pending!
task: <Task pending name='Application:8512863508:update_fetcher' coro=<Application._update_fetcher() running at C:\Users\Fireboy\AppData\Local\Python\pythoncore-3.14-64\Lib\site-packages\telegram\ext\_application.py:1233> wait_for=<Future pending cb=[Task.task_wakeup()]>>
2026-02-21 23:57:47 | INFO | ============================================================
2026-02-21 23:57:47 | INFO | 🤖 БОТ ЗАПУЩЕН
2026-02-21 23:57:47 | INFO | ============================================================
2026-02-21 23:57:48 | INFO | deleteWebhook response: b'{"ok":true,"result":true,"description":"Webhook is already deleted"}'
2026-02-21 23:58:12 | INFO | Rate limit check: user=5001966771, func=start, diff=1771707492.66s, limit=3.0s
2026-02-21 23:58:12 | INFO | Rate limit OK: user=5001966771, func=start
2026-02-21 23:58:12 | INFO | 🚀 START вызван! user_id=5001966771
2026-02-21 23:58:25 | INFO | Rate limit check: user=5001966771, func=start, diff=12.92s, limit=3.0s
2026-02-21 23:58:25 | INFO | Rate limit OK: user=5001966771, func=start
2026-02-21 23:58:25 | INFO | 🚀 START вызван! user_id=5001966771
2026-02-21 23:58:38 | INFO | Rate limit check: user=5001966771, func=start, diff=12.85s, limit=3.0s
2026-02-21 23:58:38 | INFO | Rate limit OK: user=5001966771, func=start
2026-02-21 23:58:38 | INFO | 🚀 START вызван! user_id=5001966771
2026-02-21 23:58:51 | INFO | Rate limit check: user=5001966771, func=start, diff=12.92s, limit=3.0s
2026-02-21 23:58:52 | INFO | Rate limit OK: user=5001966771, func=start
2026-02-21 23:58:52 | INFO | 🚀 START вызван! user_id=5001966771
2026-02-21 23:59:09 | INFO | Rate limit check: user=5001966771, func=start, diff=18.56s, limit=3.0s
2026-02-21 23:59:09 | INFO | Rate limit OK: user=5001966771, func=start
2026-02-21 23:59:09 | INFO | 🚀 START вызван! user_id=5001966771
2026-02-21 23:59:22 | INFO | Rate limit check: user=5001966771, func=start, diff=12.92s, limit=3.0s
2026-02-21 23:59:22 | INFO | Rate limit OK: user=5001966771, func=start
2026-02-21 23:59:22 | INFO | 🚀 START вызван! user_id=5001966771
2026-02-21 23:59:29 | ERROR | Task was destroyed but it is pending!
task: <Task pending name='Application:8512863508:update_fetcher' coro=<Application._update_fetcher() running at C:\Users\Fireboy\AppData\Local\Python\pythoncore-3.14-64\Lib\site-packages\telegram\ext\_application.py:1233> wait_for=<Future pending cb=[Task.task_wakeup()]>>
