2026-02-23 10:07:09 | INFO | ============================================================
2026-02-23 10:07:09 | INFO | 🤖 БОТ ЗАПУЩЕН | 2026-02-23 07:07:09 UTC
2026-02-23 10:07:09 | INFO | ============================================================
2026-02-23 22:54:29 | INFO | ============================================================
2026-02-23 22:54:29 | INFO | 🤖 БОТ ЗАПУЩЕН | 2026-02-23 19:54:29 UTC
2026-02-23 22:54:29 | INFO | ============================================================
2026-02-23 22:54:31 | INFO | ✅ Миграции применены успешно
2026-02-23 22:54:31 | INFO | ✅ База данных инициализирована: C:\Users\Fireboy\Desktop\my_bots\database\..\data\progress.db
2026-02-23 22:54:31 | INFO | ✅ PlayerStorage инициализирован: data\progress.db
2026-02-23 22:54:31 | INFO | deleteWebhook response: b'{"ok":true,"result":true,"description":"Webhook is already deleted"}'
2026-02-23 22:54:31 | INFO | 🤖 Бот запущен! База: SQLite 🗄️ | Очки: ScoreManager 💰 | Аватарки: кэш 🖼️ | Бэкап: готов 💾
2026-02-23 22:54:31 | INFO | 🛑 Для остановки нажмите Ctrl+C (корректное завершение)
2026-02-23 22:54:32 | INFO | 🎨 Запуск загрузки аватарок (в фоне)...
2026-02-23 22:54:32 | INFO | ✅ ScoreManager инициализирован
2026-02-23 22:54:32 | INFO | ✅ ScoreManager инициализирован
2026-02-23 22:54:32 | INFO | ✅ Бот готов к работе! Аватарки грузятся в фоне...

2026-02-23 22:55:33 | INFO | USER 5001966771 | START | name='Илья'
2026-02-23 22:56:01 | INFO | USER 5001966771 | MESSAGE | text='🗺️ Мир' | name='Илья'
2026-02-23 22:56:03 | INFO | USER 5001966771 | MESSAGE | text='🏝️ Острова' | name='Илья'
2026-02-23 22:56:05 | INFO | USER 5001966771 | MESSAGE | text='➕ Сложение' | name='Илья'
2026-02-23 22:56:07 | INFO | USER 5001966771 | ENTER_LEVEL | level=addition
2026-02-23 22:56:11 | INFO | USER 5001966771 | MESSAGE | text='49' | name='Илья'
2026-02-23 22:56:12 | INFO | 💰 +53 очков пользователю 5001966771 (level_task_correct)
2026-02-23 22:56:17 | INFO | USER 5001966771 | MESSAGE | text='41' | name='Илья'
2026-02-23 22:56:17 | INFO | 💰 +53 очков пользователю 5001966771 (level_task_correct)
2026-02-23 22:56:24 | INFO | USER 5001966771 | MESSAGE | text='54' | name='Илья'
2026-02-23 22:56:25 | INFO | 💰 +53 очков пользователю 5001966771 (level_task_correct)
2026-02-23 22:56:30 | INFO | USER 5001966771 | MESSAGE | text='41' | name='Илья'
2026-02-23 22:56:30 | INFO | 💰 +53 очков пользователю 5001966771 (level_task_correct)
2026-02-23 22:56:35 | INFO | USER 5001966771 | MESSAGE | text='69' | name='Илья'
2026-02-23 22:56:35 | INFO | 💰 +53 очков пользователю 5001966771 (level_task_correct)
2026-02-23 22:56:42 | INFO | USER 5001966771 | MESSAGE | text='62' | name='Илья'
2026-02-23 22:56:43 | INFO | 💰 +53 очков пользователю 5001966771 (level_task_correct)
2026-02-23 22:56:48 | INFO | USER 5001966771 | MESSAGE | text='49' | name='Илья'
2026-02-23 22:56:49 | INFO | 💰 +53 очков пользователю 5001966771 (level_task_correct)
2026-02-23 22:56:54 | INFO | USER 5001966771 | MESSAGE | text='75' | name='Илья'
2026-02-23 22:56:54 | INFO | 💰 +53 очков пользователю 5001966771 (level_task_correct)
2026-02-23 22:57:02 | INFO | USER 5001966771 | MESSAGE | text='82' | name='Илья'
2026-02-23 22:57:03 | INFO | 💰 +53 очков пользователю 5001966771 (level_task_correct)
2026-02-23 22:57:09 | INFO | USER 5001966771 | MESSAGE | text='54' | name='Илья'
2026-02-23 22:57:09 | INFO | 💰 +53 очков пользователю 5001966771 (level_task_correct)
2026-02-23 22:57:12 | INFO | 💰 +200 очков пользователю 5001966771 (level_complete)
2026-02-23 22:57:20 | INFO | USER 5001966771 | MESSAGE | text='🎒 Инвентарь' | name='Илья'
2026-02-23 22:57:51 | INFO | 🛑 Синхронный сигнал завершения (SIGINT/SIGTERM)
2026-02-23 22:57:55 | INFO | 
============================================================
2026-02-23 22:57:55 | INFO | 🛑 ПОЛУЧЕН СИГНАЛ ЗАВЕРШЕНИЯ
2026-02-23 22:57:55 | INFO | ============================================================
2026-02-23 22:57:55 | INFO | ✅ Соединение с БД закрыто
2026-02-23 22:57:55 | INFO | ✅ PlayerStorage закрыт
2026-02-23 22:57:55 | INFO | ✅ Состояние сохранено
2026-02-23 22:57:55 | INFO | 👋 До свидания! Бот остановлен корректно.
2026-02-23 22:57:55 | INFO | ============================================================
2026-02-23 23:03:08 | INFO | ============================================================
2026-02-23 23:03:08 | INFO | 🤖 БОТ ЗАПУЩЕН | 2026-02-23 20:03:08 UTC
2026-02-23 23:03:08 | INFO | ============================================================
2026-02-23 23:03:09 | INFO | ✅ Миграции применены успешно
2026-02-23 23:03:09 | INFO | ✅ База данных инициализирована: C:\Users\Fireboy\Desktop\my_bots\database\..\data\progress.db
2026-02-23 23:03:09 | INFO | ✅ PlayerStorage инициализирован: data\progress.db
2026-02-23 23:03:10 | INFO | deleteWebhook response: b'{"ok":true,"result":true,"description":"Webhook is already deleted"}'
2026-02-23 23:03:10 | INFO | 🤖 Бот запущен! База: SQLite 🗄️ | Очки: ScoreManager 💰 | Аватарки: кэш 🖼️ | Бэкап: готов 💾
2026-02-23 23:03:10 | INFO | 🛑 Для остановки нажмите Ctrl+C (корректное завершение)
2026-02-23 23:03:10 | INFO | 🎨 Запуск загрузки аватарок (в фоне)...
2026-02-23 23:03:10 | INFO | ✅ ScoreManager инициализирован
2026-02-23 23:03:10 | INFO | ✅ ScoreManager инициализирован
2026-02-23 23:03:10 | INFO | ✅ Бот готов к работе! Аватарки грузятся в фоне...

2026-02-23 23:03:33 | INFO | USER 5001966771 | START | name='Илья'
2026-02-23 23:03:36 | INFO | USER 5001966771 | MESSAGE | text='🎒 Инвентарь' | name='Илья'
2026-02-23 23:03:37 | INFO | USER 5001966771 | MESSAGE | text='🛒 Магазин' | name='Илья'
2026-02-23 23:03:48 | INFO | USER 5001966771 | MESSAGE | text='⚗️ Алхимия' | name='Илья'
2026-02-23 23:04:35 | INFO | USER 5001966771 | MESSAGE | text='⚗️ Алхимия' | name='Илья'
2026-02-23 23:04:54 | INFO | 💸 -250 очков у пользователя 5001966771 (alchemy_craft)
2026-02-23 23:04:54 | INFO | ⚗️ Пользователь 5001966771 создал chaos_cup за 250 очков
2026-02-23 23:05:00 | INFO | USER 5001966771 | MESSAGE | text='⚗️ Алхимия' | name='Илья'
2026-02-23 23:05:17 | INFO | 💸 -180 очков у пользователя 5001966771 (alchemy_craft)
2026-02-23 23:05:17 | INFO | ⚗️ Пользователь 5001966771 создал dice_of_fate за 180 очков
2026-02-23 23:05:20 | INFO | USER 5001966771 | MESSAGE | text='⚗️ Алхимия' | name='Илья'
2026-02-23 23:10:15 | INFO | 🛑 Синхронный сигнал завершения (SIGINT/SIGTERM)
2026-02-23 23:10:19 | INFO | 
============================================================
2026-02-23 23:10:19 | INFO | 🛑 ПОЛУЧЕН СИГНАЛ ЗАВЕРШЕНИЯ
2026-02-23 23:10:19 | INFO | ============================================================
2026-02-23 23:10:19 | INFO | ✅ Соединение с БД закрыто
2026-02-23 23:10:19 | INFO | ✅ PlayerStorage закрыт
2026-02-23 23:10:19 | INFO | ✅ Состояние сохранено
2026-02-23 23:10:19 | INFO | 👋 До свидания! Бот остановлен корректно.
2026-02-23 23:10:19 | INFO | ============================================================
2026-02-23 23:11:40 | INFO | ============================================================
2026-02-23 23:11:40 | INFO | 🤖 БОТ ЗАПУЩЕН | 2026-02-23 20:11:40 UTC
2026-02-23 23:11:40 | INFO | ============================================================
2026-02-23 23:11:41 | INFO | ✅ Миграции применены успешно
2026-02-23 23:11:41 | INFO | ✅ База данных инициализирована: C:\Users\Fireboy\Desktop\my_bots\database\..\data\progress.db
2026-02-23 23:11:41 | INFO | ✅ PlayerStorage инициализирован: data\progress.db
2026-02-23 23:11:41 | INFO | deleteWebhook response: b'{"ok":true,"result":true,"description":"Webhook is already deleted"}'
2026-02-23 23:11:41 | INFO | 🤖 Бот запущен! База: SQLite 🗄️ | Очки: ScoreManager 💰 | Аватарки: кэш 🖼️ | Бэкап: готов 💾
2026-02-23 23:11:41 | INFO | 🛑 Для остановки нажмите Ctrl+C (корректное завершение)
2026-02-23 23:11:42 | INFO | 🎨 Запуск загрузки аватарок (в фоне)...
2026-02-23 23:11:42 | INFO | ✅ ScoreManager инициализирован
2026-02-23 23:11:42 | INFO | ✅ ScoreManager инициализирован
2026-02-23 23:11:42 | INFO | ✅ Бот готов к работе! Аватарки грузятся в фоне...

2026-02-23 23:11:46 | INFO | USER 5001966771 | MESSAGE | text='⚗️ Алхимия' | name='Илья'
2026-02-23 23:11:54 | INFO | USER 5001966771 | START | name='Илья'
2026-02-23 23:11:59 | INFO | USER 5001966771 | MESSAGE | text='🎒 Инвентарь' | name='Илья'
2026-02-23 23:12:02 | INFO | USER 5001966771 | MESSAGE | text='⚗️ Алхимия' | name='Илья'
2026-02-23 23:12:10 | INFO | 💸 -150 очков у пользователя 5001966771 (alchemy_craft)
2026-02-23 23:12:10 | INFO | ⚗️ Пользователь 5001966771 создал bravery_potion за 150 очков
2026-02-23 23:12:15 | INFO | USER 5001966771 | MESSAGE | text='⚗️ Алхимия' | name='Илья'
2026-02-23 23:12:57 | INFO | USER 5001966771 | MESSAGE | text='🛒 Магазин' | name='Илья'
2026-02-23 23:13:06 | INFO | 💸 -50 очков у пользователя 5001966771 (shop_purchase)
2026-02-23 23:13:06 | INFO | 🛒 Пользователь 5001966771 купил sum_gloves за 50 очков
2026-02-23 23:13:09 | INFO | USER 5001966771 | MESSAGE | text='🛒 Магазин' | name='Илья'
2026-02-23 23:15:31 | INFO | 🛑 Синхронный сигнал завершения (SIGINT/SIGTERM)
2026-02-23 23:15:31 | INFO | 
============================================================
2026-02-23 23:15:31 | INFO | 🛑 ПОЛУЧЕН СИГНАЛ ЗАВЕРШЕНИЯ
2026-02-23 23:15:31 | INFO | ============================================================
2026-02-23 23:15:31 | INFO | ✅ Соединение с БД закрыто
2026-02-23 23:15:31 | INFO | ✅ PlayerStorage закрыт
2026-02-23 23:15:31 | INFO | ✅ Состояние сохранено
2026-02-23 23:15:31 | INFO | 👋 До свидания! Бот остановлен корректно.
2026-02-23 23:15:31 | INFO | ============================================================
2026-02-23 23:15:44 | INFO | ============================================================
2026-02-23 23:15:44 | INFO | 🤖 БОТ ЗАПУЩЕН | 2026-02-23 20:15:44 UTC
2026-02-23 23:15:44 | INFO | ============================================================
2026-02-23 23:15:45 | INFO | ✅ Миграции применены успешно
2026-02-23 23:15:45 | INFO | ✅ База данных инициализирована: C:\Users\Fireboy\Desktop\my_bots\database\..\data\progress.db
2026-02-23 23:15:45 | INFO | ✅ PlayerStorage инициализирован: data\progress.db
2026-02-23 23:15:46 | INFO | deleteWebhook response: b'{"ok":true,"result":true,"description":"Webhook is already deleted"}'
2026-02-23 23:15:46 | INFO | 🤖 Бот запущен! База: SQLite 🗄️ | Очки: ScoreManager 💰 | Аватарки: кэш 🖼️ | Бэкап: готов 💾
2026-02-23 23:15:46 | INFO | 🛑 Для остановки нажмите Ctrl+C (корректное завершение)
2026-02-23 23:15:46 | INFO | 🎨 Запуск загрузки аватарок (в фоне)...
2026-02-23 23:15:46 | INFO | ✅ ScoreManager инициализирован
2026-02-23 23:15:46 | INFO | ✅ ScoreManager инициализирован
2026-02-23 23:15:46 | INFO | ✅ Бот готов к работе! Аватарки грузятся в фоне...

2026-02-23 23:15:54 | INFO | USER 5001966771 | START | name='Илья'
2026-02-23 23:15:57 | INFO | USER 5001966771 | MESSAGE | text='🎒 Инвентарь' | name='Илья'
2026-02-23 23:16:00 | INFO | USER 5001966771 | MESSAGE | text='🛒 Магазин' | name='Илья'
2026-02-23 23:16:06 | INFO | 💸 -70 очков у пользователя 5001966771 (shop_purchase)
2026-02-23 23:16:06 | INFO | 🛒 Пользователь 5001966771 купил unity_stone за 70 очков
2026-02-23 23:16:09 | INFO | USER 5001966771 | MESSAGE | text='🛒 Магазин' | name='Илья'
2026-02-23 23:16:20 | INFO | 🛑 Синхронный сигнал завершения (SIGINT/SIGTERM)
2026-02-23 23:16:23 | INFO | 
============================================================
2026-02-23 23:16:23 | INFO | 🛑 ПОЛУЧЕН СИГНАЛ ЗАВЕРШЕНИЯ
2026-02-23 23:16:23 | INFO | ============================================================
2026-02-23 23:16:23 | INFO | ✅ Соединение с БД закрыто
2026-02-23 23:16:23 | INFO | ✅ PlayerStorage закрыт
2026-02-23 23:16:23 | INFO | ✅ Состояние сохранено
2026-02-23 23:16:23 | INFO | 👋 До свидания! Бот остановлен корректно.
2026-02-23 23:16:23 | INFO | ============================================================
